{"/home/jpontoire/Documents/UTC/GI02/SR10/website/myapp/model/admin.js": {"path":"/home/jpontoire/Documents/UTC/GI02/SR10/website/myapp/model/admin.js","statementMap":{"0":{"start":{"line":1,"column":9},"end":{"line":1,"column":27}},"1":{"start":{"line":2,"column":11},"end":{"line":2,"column":38}},"2":{"start":{"line":4,"column":0},"end":{"line":123,"column":2}},"3":{"start":{"line":6,"column":8},"end":{"line":14,"column":11}},"4":{"start":{"line":7,"column":12},"end":{"line":13,"column":15}},"5":{"start":{"line":8,"column":16},"end":{"line":12,"column":17}},"6":{"start":{"line":9,"column":20},"end":{"line":9,"column":32}},"7":{"start":{"line":11,"column":20},"end":{"line":11,"column":40}},"8":{"start":{"line":19,"column":8},"end":{"line":27,"column":11}},"9":{"start":{"line":20,"column":12},"end":{"line":26,"column":15}},"10":{"start":{"line":21,"column":16},"end":{"line":25,"column":17}},"11":{"start":{"line":22,"column":20},"end":{"line":22,"column":32}},"12":{"start":{"line":24,"column":20},"end":{"line":24,"column":40}},"13":{"start":{"line":31,"column":8},"end":{"line":40,"column":11}},"14":{"start":{"line":32,"column":24},"end":{"line":32,"column":107}},"15":{"start":{"line":33,"column":12},"end":{"line":39,"column":15}},"16":{"start":{"line":34,"column":16},"end":{"line":38,"column":17}},"17":{"start":{"line":35,"column":20},"end":{"line":35,"column":32}},"18":{"start":{"line":37,"column":20},"end":{"line":37,"column":37}},"19":{"start":{"line":44,"column":8},"end":{"line":53,"column":11}},"20":{"start":{"line":45,"column":24},"end":{"line":45,"column":64}},"21":{"start":{"line":46,"column":12},"end":{"line":52,"column":15}},"22":{"start":{"line":47,"column":16},"end":{"line":51,"column":17}},"23":{"start":{"line":48,"column":20},"end":{"line":48,"column":32}},"24":{"start":{"line":50,"column":20},"end":{"line":50,"column":32}},"25":{"start":{"line":57,"column":8},"end":{"line":66,"column":10}},"26":{"start":{"line":58,"column":24},"end":{"line":58,"column":81}},"27":{"start":{"line":59,"column":12},"end":{"line":65,"column":14}},"28":{"start":{"line":60,"column":16},"end":{"line":64,"column":17}},"29":{"start":{"line":61,"column":20},"end":{"line":61,"column":32}},"30":{"start":{"line":63,"column":20},"end":{"line":63,"column":37}}},"fnMap":{"0":{"name":"(anonymous_0)","decl":{"start":{"line":5,"column":10},"end":{"line":5,"column":11}},"loc":{"start":{"line":5,"column":24},"end":{"line":15,"column":5}},"line":5},"1":{"name":"(anonymous_1)","decl":{"start":{"line":6,"column":27},"end":{"line":6,"column":28}},"loc":{"start":{"line":6,"column":48},"end":{"line":14,"column":9}},"line":6},"2":{"name":"(anonymous_2)","decl":{"start":{"line":7,"column":85},"end":{"line":7,"column":86}},"loc":{"start":{"line":7,"column":103},"end":{"line":13,"column":13}},"line":7},"3":{"name":"(anonymous_3)","decl":{"start":{"line":18,"column":17},"end":{"line":18,"column":18}},"loc":{"start":{"line":18,"column":34},"end":{"line":28,"column":5}},"line":18},"4":{"name":"(anonymous_4)","decl":{"start":{"line":19,"column":27},"end":{"line":19,"column":28}},"loc":{"start":{"line":19,"column":48},"end":{"line":27,"column":9}},"line":19},"5":{"name":"(anonymous_5)","decl":{"start":{"line":20,"column":128},"end":{"line":20,"column":129}},"loc":{"start":{"line":20,"column":146},"end":{"line":26,"column":13}},"line":20},"6":{"name":"(anonymous_6)","decl":{"start":{"line":30,"column":13},"end":{"line":30,"column":14}},"loc":{"start":{"line":30,"column":25},"end":{"line":41,"column":5}},"line":30},"7":{"name":"(anonymous_7)","decl":{"start":{"line":31,"column":27},"end":{"line":31,"column":28}},"loc":{"start":{"line":31,"column":48},"end":{"line":40,"column":9}},"line":31},"8":{"name":"(anonymous_8)","decl":{"start":{"line":33,"column":26},"end":{"line":33,"column":27}},"loc":{"start":{"line":33,"column":44},"end":{"line":39,"column":13}},"line":33},"9":{"name":"(anonymous_9)","decl":{"start":{"line":43,"column":12},"end":{"line":43,"column":13}},"loc":{"start":{"line":43,"column":26},"end":{"line":54,"column":5}},"line":43},"10":{"name":"(anonymous_10)","decl":{"start":{"line":44,"column":27},"end":{"line":44,"column":28}},"loc":{"start":{"line":44,"column":48},"end":{"line":53,"column":9}},"line":44},"11":{"name":"(anonymous_11)","decl":{"start":{"line":46,"column":32},"end":{"line":46,"column":33}},"loc":{"start":{"line":46,"column":50},"end":{"line":52,"column":13}},"line":46},"12":{"name":"(anonymous_12)","decl":{"start":{"line":56,"column":12},"end":{"line":56,"column":13}},"loc":{"start":{"line":56,"column":26},"end":{"line":67,"column":5}},"line":56},"13":{"name":"(anonymous_13)","decl":{"start":{"line":57,"column":27},"end":{"line":57,"column":28}},"loc":{"start":{"line":57,"column":48},"end":{"line":66,"column":9}},"line":57},"14":{"name":"(anonymous_14)","decl":{"start":{"line":59,"column":30},"end":{"line":59,"column":31}},"loc":{"start":{"line":59,"column":48},"end":{"line":65,"column":13}},"line":59}},"branchMap":{"0":{"loc":{"start":{"line":8,"column":16},"end":{"line":12,"column":17}},"type":"if","locations":[{"start":{"line":8,"column":16},"end":{"line":12,"column":17}},{"start":{"line":10,"column":23},"end":{"line":12,"column":17}}],"line":8},"1":{"loc":{"start":{"line":21,"column":16},"end":{"line":25,"column":17}},"type":"if","locations":[{"start":{"line":21,"column":16},"end":{"line":25,"column":17}},{"start":{"line":23,"column":23},"end":{"line":25,"column":17}}],"line":21},"2":{"loc":{"start":{"line":34,"column":16},"end":{"line":38,"column":17}},"type":"if","locations":[{"start":{"line":34,"column":16},"end":{"line":38,"column":17}},{"start":{"line":36,"column":23},"end":{"line":38,"column":17}}],"line":34},"3":{"loc":{"start":{"line":47,"column":16},"end":{"line":51,"column":17}},"type":"if","locations":[{"start":{"line":47,"column":16},"end":{"line":51,"column":17}},{"start":{"line":49,"column":23},"end":{"line":51,"column":17}}],"line":47},"4":{"loc":{"start":{"line":60,"column":16},"end":{"line":64,"column":17}},"type":"if","locations":[{"start":{"line":60,"column":16},"end":{"line":64,"column":17}},{"start":{"line":62,"column":23},"end":{"line":64,"column":17}}],"line":60}},"s":{"0":1,"1":1,"2":1,"3":1,"4":1,"5":1,"6":0,"7":1,"8":1,"9":1,"10":1,"11":0,"12":1,"13":0,"14":0,"15":0,"16":0,"17":0,"18":0,"19":2,"20":2,"21":2,"22":2,"23":0,"24":2,"25":2,"26":2,"27":2,"28":2,"29":0,"30":2},"f":{"0":1,"1":1,"2":1,"3":1,"4":1,"5":1,"6":0,"7":0,"8":0,"9":2,"10":2,"11":2,"12":2,"13":2,"14":2},"b":{"0":[0,1],"1":[0,1],"2":[0,0],"3":[0,2],"4":[0,2]},"_coverageSchema":"1a1c01bbd47fc00a2c39e90264f33305004495a9","hash":"c0e737bd5e1051a1ddb13b89a45b697f86432e5c"}
,"/home/jpontoire/Documents/UTC/GI02/SR10/website/myapp/model/adresse.js": {"path":"/home/jpontoire/Documents/UTC/GI02/SR10/website/myapp/model/adresse.js","statementMap":{"0":{"start":{"line":1,"column":9},"end":{"line":1,"column":27}},"1":{"start":{"line":2,"column":0},"end":{"line":197,"column":1}},"2":{"start":{"line":4,"column":8},"end":{"line":13,"column":10}},"3":{"start":{"line":5,"column":24},"end":{"line":5,"column":64}},"4":{"start":{"line":6,"column":12},"end":{"line":12,"column":14}},"5":{"start":{"line":7,"column":16},"end":{"line":11,"column":17}},"6":{"start":{"line":8,"column":20},"end":{"line":8,"column":32}},"7":{"start":{"line":10,"column":20},"end":{"line":10,"column":40}},"8":{"start":{"line":17,"column":8},"end":{"line":26,"column":11}},"9":{"start":{"line":18,"column":24},"end":{"line":18,"column":47}},"10":{"start":{"line":19,"column":12},"end":{"line":25,"column":15}},"11":{"start":{"line":20,"column":16},"end":{"line":24,"column":17}},"12":{"start":{"line":21,"column":20},"end":{"line":21,"column":32}},"13":{"start":{"line":23,"column":20},"end":{"line":23,"column":37}},"14":{"start":{"line":31,"column":8},"end":{"line":51,"column":11}},"15":{"start":{"line":32,"column":12},"end":{"line":50,"column":14}},"16":{"start":{"line":33,"column":16},"end":{"line":35,"column":17}},"17":{"start":{"line":34,"column":20},"end":{"line":34,"column":39}},"18":{"start":{"line":36,"column":16},"end":{"line":49,"column":17}},"19":{"start":{"line":37,"column":20},"end":{"line":37,"column":54}},"20":{"start":{"line":40,"column":20},"end":{"line":48,"column":22}},"21":{"start":{"line":42,"column":24},"end":{"line":47,"column":25}},"22":{"start":{"line":43,"column":28},"end":{"line":43,"column":40}},"23":{"start":{"line":45,"column":39},"end":{"line":45,"column":55}},"24":{"start":{"line":46,"column":28},"end":{"line":46,"column":40}},"25":{"start":{"line":55,"column":8},"end":{"line":64,"column":10}},"26":{"start":{"line":56,"column":24},"end":{"line":56,"column":63}},"27":{"start":{"line":57,"column":12},"end":{"line":63,"column":14}},"28":{"start":{"line":58,"column":16},"end":{"line":62,"column":17}},"29":{"start":{"line":59,"column":20},"end":{"line":59,"column":32}},"30":{"start":{"line":61,"column":20},"end":{"line":61,"column":34}},"31":{"start":{"line":93,"column":8},"end":{"line":102,"column":10}},"32":{"start":{"line":94,"column":24},"end":{"line":94,"column":69}},"33":{"start":{"line":95,"column":12},"end":{"line":101,"column":14}},"34":{"start":{"line":96,"column":16},"end":{"line":100,"column":17}},"35":{"start":{"line":97,"column":20},"end":{"line":97,"column":32}},"36":{"start":{"line":99,"column":20},"end":{"line":99,"column":34}},"37":{"start":{"line":106,"column":8},"end":{"line":115,"column":10}},"38":{"start":{"line":107,"column":24},"end":{"line":107,"column":69}},"39":{"start":{"line":108,"column":12},"end":{"line":114,"column":14}},"40":{"start":{"line":109,"column":16},"end":{"line":113,"column":17}},"41":{"start":{"line":110,"column":20},"end":{"line":110,"column":32}},"42":{"start":{"line":112,"column":20},"end":{"line":112,"column":34}},"43":{"start":{"line":119,"column":8},"end":{"line":128,"column":10}},"44":{"start":{"line":120,"column":24},"end":{"line":120,"column":71}},"45":{"start":{"line":121,"column":12},"end":{"line":127,"column":14}},"46":{"start":{"line":122,"column":16},"end":{"line":126,"column":17}},"47":{"start":{"line":123,"column":20},"end":{"line":123,"column":32}},"48":{"start":{"line":125,"column":20},"end":{"line":125,"column":34}},"49":{"start":{"line":132,"column":8},"end":{"line":141,"column":10}},"50":{"start":{"line":133,"column":24},"end":{"line":133,"column":77}},"51":{"start":{"line":134,"column":12},"end":{"line":140,"column":14}},"52":{"start":{"line":135,"column":16},"end":{"line":139,"column":17}},"53":{"start":{"line":136,"column":20},"end":{"line":136,"column":32}},"54":{"start":{"line":138,"column":20},"end":{"line":138,"column":34}}},"fnMap":{"0":{"name":"(anonymous_0)","decl":{"start":{"line":3,"column":10},"end":{"line":3,"column":11}},"loc":{"start":{"line":3,"column":29},"end":{"line":14,"column":5}},"line":3},"1":{"name":"(anonymous_1)","decl":{"start":{"line":4,"column":27},"end":{"line":4,"column":28}},"loc":{"start":{"line":4,"column":48},"end":{"line":13,"column":9}},"line":4},"2":{"name":"(anonymous_2)","decl":{"start":{"line":6,"column":35},"end":{"line":6,"column":36}},"loc":{"start":{"line":6,"column":53},"end":{"line":12,"column":13}},"line":6},"3":{"name":"(anonymous_3)","decl":{"start":{"line":16,"column":13},"end":{"line":16,"column":14}},"loc":{"start":{"line":16,"column":25},"end":{"line":27,"column":5}},"line":16},"4":{"name":"(anonymous_4)","decl":{"start":{"line":17,"column":27},"end":{"line":17,"column":28}},"loc":{"start":{"line":17,"column":48},"end":{"line":26,"column":9}},"line":17},"5":{"name":"(anonymous_5)","decl":{"start":{"line":19,"column":26},"end":{"line":19,"column":27}},"loc":{"start":{"line":19,"column":44},"end":{"line":25,"column":13}},"line":19},"6":{"name":"(anonymous_6)","decl":{"start":{"line":30,"column":12},"end":{"line":30,"column":13}},"loc":{"start":{"line":30,"column":52},"end":{"line":52,"column":5}},"line":30},"7":{"name":"(anonymous_7)","decl":{"start":{"line":31,"column":27},"end":{"line":31,"column":28}},"loc":{"start":{"line":31,"column":48},"end":{"line":51,"column":9}},"line":31},"8":{"name":"(anonymous_8)","decl":{"start":{"line":32,"column":163},"end":{"line":32,"column":164}},"loc":{"start":{"line":32,"column":180},"end":{"line":50,"column":13}},"line":32},"9":{"name":"(anonymous_9)","decl":{"start":{"line":41,"column":80},"end":{"line":41,"column":81}},"loc":{"start":{"line":41,"column":98},"end":{"line":48,"column":21}},"line":41},"10":{"name":"(anonymous_10)","decl":{"start":{"line":54,"column":13},"end":{"line":54,"column":14}},"loc":{"start":{"line":54,"column":32},"end":{"line":65,"column":5}},"line":54},"11":{"name":"(anonymous_11)","decl":{"start":{"line":55,"column":27},"end":{"line":55,"column":28}},"loc":{"start":{"line":55,"column":48},"end":{"line":64,"column":9}},"line":55},"12":{"name":"(anonymous_12)","decl":{"start":{"line":57,"column":35},"end":{"line":57,"column":36}},"loc":{"start":{"line":57,"column":52},"end":{"line":63,"column":13}},"line":57},"13":{"name":"(anonymous_13)","decl":{"start":{"line":92,"column":16},"end":{"line":92,"column":17}},"loc":{"start":{"line":92,"column":44},"end":{"line":103,"column":5}},"line":92},"14":{"name":"(anonymous_14)","decl":{"start":{"line":93,"column":27},"end":{"line":93,"column":28}},"loc":{"start":{"line":93,"column":48},"end":{"line":102,"column":9}},"line":93},"15":{"name":"(anonymous_15)","decl":{"start":{"line":95,"column":46},"end":{"line":95,"column":47}},"loc":{"start":{"line":95,"column":63},"end":{"line":101,"column":13}},"line":95},"16":{"name":"(anonymous_16)","decl":{"start":{"line":105,"column":16},"end":{"line":105,"column":17}},"loc":{"start":{"line":105,"column":44},"end":{"line":116,"column":5}},"line":105},"17":{"name":"(anonymous_17)","decl":{"start":{"line":106,"column":27},"end":{"line":106,"column":28}},"loc":{"start":{"line":106,"column":48},"end":{"line":115,"column":9}},"line":106},"18":{"name":"(anonymous_18)","decl":{"start":{"line":108,"column":46},"end":{"line":108,"column":47}},"loc":{"start":{"line":108,"column":63},"end":{"line":114,"column":13}},"line":108},"19":{"name":"(anonymous_19)","decl":{"start":{"line":118,"column":18},"end":{"line":118,"column":19}},"loc":{"start":{"line":118,"column":48},"end":{"line":129,"column":5}},"line":118},"20":{"name":"(anonymous_20)","decl":{"start":{"line":119,"column":27},"end":{"line":119,"column":28}},"loc":{"start":{"line":119,"column":48},"end":{"line":128,"column":9}},"line":119},"21":{"name":"(anonymous_21)","decl":{"start":{"line":121,"column":48},"end":{"line":121,"column":49}},"loc":{"start":{"line":121,"column":65},"end":{"line":127,"column":13}},"line":121},"22":{"name":"(anonymous_22)","decl":{"start":{"line":131,"column":23},"end":{"line":131,"column":24}},"loc":{"start":{"line":131,"column":59},"end":{"line":142,"column":5}},"line":131},"23":{"name":"(anonymous_23)","decl":{"start":{"line":132,"column":27},"end":{"line":132,"column":28}},"loc":{"start":{"line":132,"column":48},"end":{"line":141,"column":9}},"line":132},"24":{"name":"(anonymous_24)","decl":{"start":{"line":134,"column":54},"end":{"line":134,"column":55}},"loc":{"start":{"line":134,"column":71},"end":{"line":140,"column":13}},"line":134}},"branchMap":{"0":{"loc":{"start":{"line":7,"column":16},"end":{"line":11,"column":17}},"type":"if","locations":[{"start":{"line":7,"column":16},"end":{"line":11,"column":17}},{"start":{"line":9,"column":23},"end":{"line":11,"column":17}}],"line":7},"1":{"loc":{"start":{"line":20,"column":16},"end":{"line":24,"column":17}},"type":"if","locations":[{"start":{"line":20,"column":16},"end":{"line":24,"column":17}},{"start":{"line":22,"column":23},"end":{"line":24,"column":17}}],"line":20},"2":{"loc":{"start":{"line":33,"column":16},"end":{"line":35,"column":17}},"type":"if","locations":[{"start":{"line":33,"column":16},"end":{"line":35,"column":17}},{"start":{},"end":{}}],"line":33},"3":{"loc":{"start":{"line":36,"column":16},"end":{"line":49,"column":17}},"type":"if","locations":[{"start":{"line":36,"column":16},"end":{"line":49,"column":17}},{"start":{"line":39,"column":21},"end":{"line":49,"column":17}}],"line":36},"4":{"loc":{"start":{"line":42,"column":24},"end":{"line":47,"column":25}},"type":"if","locations":[{"start":{"line":42,"column":24},"end":{"line":47,"column":25}},{"start":{"line":44,"column":31},"end":{"line":47,"column":25}}],"line":42},"5":{"loc":{"start":{"line":58,"column":16},"end":{"line":62,"column":17}},"type":"if","locations":[{"start":{"line":58,"column":16},"end":{"line":62,"column":17}},{"start":{"line":60,"column":23},"end":{"line":62,"column":17}}],"line":58},"6":{"loc":{"start":{"line":96,"column":16},"end":{"line":100,"column":17}},"type":"if","locations":[{"start":{"line":96,"column":16},"end":{"line":100,"column":17}},{"start":{"line":98,"column":23},"end":{"line":100,"column":17}}],"line":96},"7":{"loc":{"start":{"line":109,"column":16},"end":{"line":113,"column":17}},"type":"if","locations":[{"start":{"line":109,"column":16},"end":{"line":113,"column":17}},{"start":{"line":111,"column":23},"end":{"line":113,"column":17}}],"line":109},"8":{"loc":{"start":{"line":122,"column":16},"end":{"line":126,"column":17}},"type":"if","locations":[{"start":{"line":122,"column":16},"end":{"line":126,"column":17}},{"start":{"line":124,"column":23},"end":{"line":126,"column":17}}],"line":122},"9":{"loc":{"start":{"line":135,"column":16},"end":{"line":139,"column":17}},"type":"if","locations":[{"start":{"line":135,"column":16},"end":{"line":139,"column":17}},{"start":{"line":137,"column":23},"end":{"line":139,"column":17}}],"line":135}},"s":{"0":5,"1":5,"2":5,"3":5,"4":5,"5":5,"6":0,"7":5,"8":1,"9":1,"10":1,"11":1,"12":0,"13":1,"14":21,"15":21,"16":21,"17":0,"18":21,"19":1,"20":20,"21":20,"22":0,"23":20,"24":20,"25":20,"26":20,"27":20,"28":20,"29":0,"30":20,"31":1,"32":1,"33":1,"34":1,"35":0,"36":1,"37":1,"38":1,"39":1,"40":1,"41":0,"42":1,"43":1,"44":1,"45":1,"46":1,"47":0,"48":1,"49":1,"50":1,"51":1,"52":1,"53":0,"54":1},"f":{"0":5,"1":5,"2":5,"3":1,"4":1,"5":1,"6":21,"7":21,"8":21,"9":20,"10":20,"11":20,"12":20,"13":1,"14":1,"15":1,"16":1,"17":1,"18":1,"19":1,"20":1,"21":1,"22":1,"23":1,"24":1},"b":{"0":[0,5],"1":[0,1],"2":[0,21],"3":[1,20],"4":[0,20],"5":[0,20],"6":[0,1],"7":[0,1],"8":[0,1],"9":[0,1]},"_coverageSchema":"1a1c01bbd47fc00a2c39e90264f33305004495a9","hash":"96d61facbf92eda093c702bd3d42c518934a291d"}
,"/home/jpontoire/Documents/UTC/GI02/SR10/website/myapp/model/candidat.js": {"path":"/home/jpontoire/Documents/UTC/GI02/SR10/website/myapp/model/candidat.js","statementMap":{"0":{"start":{"line":1,"column":9},"end":{"line":1,"column":27}},"1":{"start":{"line":2,"column":11},"end":{"line":2,"column":38}},"2":{"start":{"line":4,"column":0},"end":{"line":145,"column":2}},"3":{"start":{"line":6,"column":8},"end":{"line":14,"column":11}},"4":{"start":{"line":7,"column":12},"end":{"line":13,"column":15}},"5":{"start":{"line":8,"column":16},"end":{"line":12,"column":17}},"6":{"start":{"line":9,"column":20},"end":{"line":9,"column":32}},"7":{"start":{"line":11,"column":20},"end":{"line":11,"column":40}},"8":{"start":{"line":18,"column":8},"end":{"line":26,"column":11}},"9":{"start":{"line":19,"column":12},"end":{"line":25,"column":15}},"10":{"start":{"line":20,"column":16},"end":{"line":24,"column":17}},"11":{"start":{"line":21,"column":20},"end":{"line":21,"column":32}},"12":{"start":{"line":23,"column":20},"end":{"line":23,"column":40}},"13":{"start":{"line":30,"column":8},"end":{"line":39,"column":11}},"14":{"start":{"line":31,"column":24},"end":{"line":31,"column":95}},"15":{"start":{"line":32,"column":12},"end":{"line":38,"column":15}},"16":{"start":{"line":33,"column":16},"end":{"line":37,"column":17}},"17":{"start":{"line":34,"column":20},"end":{"line":34,"column":32}},"18":{"start":{"line":36,"column":20},"end":{"line":36,"column":37}},"19":{"start":{"line":46,"column":8},"end":{"line":54,"column":11}},"20":{"start":{"line":47,"column":12},"end":{"line":53,"column":15}},"21":{"start":{"line":48,"column":16},"end":{"line":52,"column":17}},"22":{"start":{"line":49,"column":20},"end":{"line":49,"column":32}},"23":{"start":{"line":51,"column":20},"end":{"line":51,"column":32}},"24":{"start":{"line":75,"column":8},"end":{"line":84,"column":11}},"25":{"start":{"line":76,"column":24},"end":{"line":76,"column":68}},"26":{"start":{"line":77,"column":12},"end":{"line":83,"column":15}},"27":{"start":{"line":78,"column":16},"end":{"line":82,"column":17}},"28":{"start":{"line":79,"column":20},"end":{"line":79,"column":32}},"29":{"start":{"line":81,"column":20},"end":{"line":81,"column":34}}},"fnMap":{"0":{"name":"(anonymous_0)","decl":{"start":{"line":5,"column":10},"end":{"line":5,"column":11}},"loc":{"start":{"line":5,"column":24},"end":{"line":15,"column":5}},"line":5},"1":{"name":"(anonymous_1)","decl":{"start":{"line":6,"column":27},"end":{"line":6,"column":28}},"loc":{"start":{"line":6,"column":48},"end":{"line":14,"column":9}},"line":6},"2":{"name":"(anonymous_2)","decl":{"start":{"line":7,"column":73},"end":{"line":7,"column":74}},"loc":{"start":{"line":7,"column":91},"end":{"line":13,"column":13}},"line":7},"3":{"name":"(anonymous_3)","decl":{"start":{"line":17,"column":17},"end":{"line":17,"column":18}},"loc":{"start":{"line":17,"column":34},"end":{"line":27,"column":5}},"line":17},"4":{"name":"(anonymous_4)","decl":{"start":{"line":18,"column":27},"end":{"line":18,"column":28}},"loc":{"start":{"line":18,"column":48},"end":{"line":26,"column":9}},"line":18},"5":{"name":"(anonymous_5)","decl":{"start":{"line":19,"column":116},"end":{"line":19,"column":117}},"loc":{"start":{"line":19,"column":134},"end":{"line":25,"column":13}},"line":19},"6":{"name":"(anonymous_6)","decl":{"start":{"line":29,"column":13},"end":{"line":29,"column":14}},"loc":{"start":{"line":29,"column":25},"end":{"line":40,"column":5}},"line":29},"7":{"name":"(anonymous_7)","decl":{"start":{"line":30,"column":27},"end":{"line":30,"column":28}},"loc":{"start":{"line":30,"column":48},"end":{"line":39,"column":9}},"line":30},"8":{"name":"(anonymous_8)","decl":{"start":{"line":32,"column":26},"end":{"line":32,"column":27}},"loc":{"start":{"line":32,"column":44},"end":{"line":38,"column":13}},"line":32},"9":{"name":"(anonymous_9)","decl":{"start":{"line":45,"column":12},"end":{"line":45,"column":13}},"loc":{"start":{"line":45,"column":26},"end":{"line":55,"column":5}},"line":45},"10":{"name":"(anonymous_10)","decl":{"start":{"line":46,"column":27},"end":{"line":46,"column":28}},"loc":{"start":{"line":46,"column":48},"end":{"line":54,"column":9}},"line":46},"11":{"name":"(anonymous_11)","decl":{"start":{"line":47,"column":60},"end":{"line":47,"column":61}},"loc":{"start":{"line":47,"column":78},"end":{"line":53,"column":13}},"line":47},"12":{"name":"(anonymous_12)","decl":{"start":{"line":74,"column":13},"end":{"line":74,"column":14}},"loc":{"start":{"line":74,"column":27},"end":{"line":85,"column":5}},"line":74},"13":{"name":"(anonymous_13)","decl":{"start":{"line":75,"column":27},"end":{"line":75,"column":28}},"loc":{"start":{"line":75,"column":48},"end":{"line":84,"column":9}},"line":75},"14":{"name":"(anonymous_14)","decl":{"start":{"line":77,"column":30},"end":{"line":77,"column":31}},"loc":{"start":{"line":77,"column":47},"end":{"line":83,"column":13}},"line":77}},"branchMap":{"0":{"loc":{"start":{"line":8,"column":16},"end":{"line":12,"column":17}},"type":"if","locations":[{"start":{"line":8,"column":16},"end":{"line":12,"column":17}},{"start":{"line":10,"column":23},"end":{"line":12,"column":17}}],"line":8},"1":{"loc":{"start":{"line":20,"column":16},"end":{"line":24,"column":17}},"type":"if","locations":[{"start":{"line":20,"column":16},"end":{"line":24,"column":17}},{"start":{"line":22,"column":23},"end":{"line":24,"column":17}}],"line":20},"2":{"loc":{"start":{"line":33,"column":16},"end":{"line":37,"column":17}},"type":"if","locations":[{"start":{"line":33,"column":16},"end":{"line":37,"column":17}},{"start":{"line":35,"column":23},"end":{"line":37,"column":17}}],"line":33},"3":{"loc":{"start":{"line":48,"column":16},"end":{"line":52,"column":17}},"type":"if","locations":[{"start":{"line":48,"column":16},"end":{"line":52,"column":17}},{"start":{"line":50,"column":23},"end":{"line":52,"column":17}}],"line":48},"4":{"loc":{"start":{"line":78,"column":16},"end":{"line":82,"column":17}},"type":"if","locations":[{"start":{"line":78,"column":16},"end":{"line":82,"column":17}},{"start":{"line":80,"column":23},"end":{"line":82,"column":17}}],"line":78}},"s":{"0":2,"1":2,"2":2,"3":1,"4":1,"5":1,"6":0,"7":1,"8":0,"9":0,"10":0,"11":0,"12":0,"13":0,"14":0,"15":0,"16":0,"17":0,"18":0,"19":5,"20":5,"21":5,"22":0,"23":5,"24":5,"25":5,"26":5,"27":5,"28":0,"29":5},"f":{"0":1,"1":1,"2":1,"3":0,"4":0,"5":0,"6":0,"7":0,"8":0,"9":5,"10":5,"11":5,"12":5,"13":5,"14":5},"b":{"0":[0,1],"1":[0,0],"2":[0,0],"3":[0,5],"4":[0,5]},"_coverageSchema":"1a1c01bbd47fc00a2c39e90264f33305004495a9","hash":"0dfed279635efa53c3f1cd79c166facc7a3fec00"}
,"/home/jpontoire/Documents/UTC/GI02/SR10/website/myapp/model/candidature.js": {"path":"/home/jpontoire/Documents/UTC/GI02/SR10/website/myapp/model/candidature.js","statementMap":{"0":{"start":{"line":1,"column":9},"end":{"line":1,"column":27}},"1":{"start":{"line":2,"column":0},"end":{"line":192,"column":1}},"2":{"start":{"line":4,"column":8},"end":{"line":12,"column":11}},"3":{"start":{"line":5,"column":12},"end":{"line":11,"column":15}},"4":{"start":{"line":6,"column":16},"end":{"line":10,"column":17}},"5":{"start":{"line":7,"column":20},"end":{"line":7,"column":32}},"6":{"start":{"line":9,"column":20},"end":{"line":9,"column":40}},"7":{"start":{"line":16,"column":8},"end":{"line":25,"column":11}},"8":{"start":{"line":17,"column":24},"end":{"line":17,"column":51}},"9":{"start":{"line":18,"column":12},"end":{"line":24,"column":15}},"10":{"start":{"line":19,"column":16},"end":{"line":23,"column":17}},"11":{"start":{"line":20,"column":20},"end":{"line":20,"column":32}},"12":{"start":{"line":22,"column":20},"end":{"line":22,"column":37}},"13":{"start":{"line":29,"column":8},"end":{"line":37,"column":11}},"14":{"start":{"line":30,"column":12},"end":{"line":36,"column":15}},"15":{"start":{"line":31,"column":16},"end":{"line":35,"column":17}},"16":{"start":{"line":32,"column":20},"end":{"line":32,"column":32}},"17":{"start":{"line":34,"column":20},"end":{"line":34,"column":37}},"18":{"start":{"line":41,"column":8},"end":{"line":49,"column":11}},"19":{"start":{"line":42,"column":12},"end":{"line":48,"column":15}},"20":{"start":{"line":43,"column":16},"end":{"line":47,"column":17}},"21":{"start":{"line":44,"column":20},"end":{"line":44,"column":32}},"22":{"start":{"line":46,"column":20},"end":{"line":46,"column":40}},"23":{"start":{"line":53,"column":8},"end":{"line":61,"column":11}},"24":{"start":{"line":54,"column":12},"end":{"line":60,"column":15}},"25":{"start":{"line":55,"column":16},"end":{"line":59,"column":17}},"26":{"start":{"line":56,"column":20},"end":{"line":56,"column":32}},"27":{"start":{"line":58,"column":20},"end":{"line":58,"column":37}},"28":{"start":{"line":65,"column":8},"end":{"line":79,"column":11}},"29":{"start":{"line":66,"column":12},"end":{"line":78,"column":15}},"30":{"start":{"line":67,"column":16},"end":{"line":77,"column":17}},"31":{"start":{"line":68,"column":20},"end":{"line":68,"column":32}},"32":{"start":{"line":70,"column":20},"end":{"line":76,"column":21}},"33":{"start":{"line":71,"column":44},"end":{"line":71,"column":66}},"34":{"start":{"line":72,"column":49},"end":{"line":72,"column":108}},"35":{"start":{"line":72,"column":90},"end":{"line":72,"column":107}},"36":{"start":{"line":73,"column":24},"end":{"line":73,"column":50}},"37":{"start":{"line":75,"column":24},"end":{"line":75,"column":36}},"38":{"start":{"line":83,"column":8},"end":{"line":91,"column":11}},"39":{"start":{"line":84,"column":12},"end":{"line":90,"column":15}},"40":{"start":{"line":85,"column":16},"end":{"line":89,"column":17}},"41":{"start":{"line":86,"column":20},"end":{"line":86,"column":32}},"42":{"start":{"line":88,"column":20},"end":{"line":88,"column":37}},"43":{"start":{"line":97,"column":8},"end":{"line":108,"column":11}},"44":{"start":{"line":98,"column":25},"end":{"line":98,"column":35}},"45":{"start":{"line":99,"column":12},"end":{"line":107,"column":15}},"46":{"start":{"line":101,"column":16},"end":{"line":106,"column":17}},"47":{"start":{"line":102,"column":20},"end":{"line":102,"column":32}},"48":{"start":{"line":104,"column":29},"end":{"line":104,"column":45}},"49":{"start":{"line":105,"column":20},"end":{"line":105,"column":32}},"50":{"start":{"line":112,"column":8},"end":{"line":121,"column":11}},"51":{"start":{"line":113,"column":24},"end":{"line":113,"column":64}},"52":{"start":{"line":114,"column":12},"end":{"line":120,"column":15}},"53":{"start":{"line":115,"column":16},"end":{"line":119,"column":17}},"54":{"start":{"line":116,"column":20},"end":{"line":116,"column":32}},"55":{"start":{"line":118,"column":20},"end":{"line":118,"column":34}}},"fnMap":{"0":{"name":"(anonymous_0)","decl":{"start":{"line":3,"column":10},"end":{"line":3,"column":11}},"loc":{"start":{"line":3,"column":26},"end":{"line":13,"column":5}},"line":3},"1":{"name":"(anonymous_1)","decl":{"start":{"line":4,"column":27},"end":{"line":4,"column":28}},"loc":{"start":{"line":4,"column":48},"end":{"line":12,"column":9}},"line":4},"2":{"name":"(anonymous_2)","decl":{"start":{"line":5,"column":70},"end":{"line":5,"column":71}},"loc":{"start":{"line":5,"column":88},"end":{"line":11,"column":13}},"line":5},"3":{"name":"(anonymous_3)","decl":{"start":{"line":15,"column":13},"end":{"line":15,"column":14}},"loc":{"start":{"line":15,"column":25},"end":{"line":26,"column":5}},"line":15},"4":{"name":"(anonymous_4)","decl":{"start":{"line":16,"column":27},"end":{"line":16,"column":28}},"loc":{"start":{"line":16,"column":48},"end":{"line":25,"column":9}},"line":16},"5":{"name":"(anonymous_5)","decl":{"start":{"line":18,"column":26},"end":{"line":18,"column":27}},"loc":{"start":{"line":18,"column":44},"end":{"line":24,"column":13}},"line":18},"6":{"name":"(anonymous_6)","decl":{"start":{"line":28,"column":22},"end":{"line":28,"column":23}},"loc":{"start":{"line":28,"column":36},"end":{"line":38,"column":5}},"line":28},"7":{"name":"(anonymous_7)","decl":{"start":{"line":29,"column":27},"end":{"line":29,"column":28}},"loc":{"start":{"line":29,"column":48},"end":{"line":37,"column":9}},"line":29},"8":{"name":"(anonymous_8)","decl":{"start":{"line":30,"column":72},"end":{"line":30,"column":73}},"loc":{"start":{"line":30,"column":90},"end":{"line":36,"column":13}},"line":30},"9":{"name":"(anonymous_9)","decl":{"start":{"line":40,"column":27},"end":{"line":40,"column":28}},"loc":{"start":{"line":40,"column":48},"end":{"line":50,"column":5}},"line":40},"10":{"name":"(anonymous_10)","decl":{"start":{"line":41,"column":27},"end":{"line":41,"column":28}},"loc":{"start":{"line":41,"column":48},"end":{"line":49,"column":9}},"line":41},"11":{"name":"(anonymous_11)","decl":{"start":{"line":42,"column":95},"end":{"line":42,"column":96}},"loc":{"start":{"line":42,"column":113},"end":{"line":48,"column":13}},"line":42},"12":{"name":"(anonymous_12)","decl":{"start":{"line":52,"column":14},"end":{"line":52,"column":15}},"loc":{"start":{"line":52,"column":26},"end":{"line":62,"column":5}},"line":52},"13":{"name":"(anonymous_13)","decl":{"start":{"line":53,"column":27},"end":{"line":53,"column":28}},"loc":{"start":{"line":53,"column":48},"end":{"line":61,"column":9}},"line":53},"14":{"name":"(anonymous_14)","decl":{"start":{"line":54,"column":270},"end":{"line":54,"column":271}},"loc":{"start":{"line":54,"column":288},"end":{"line":60,"column":13}},"line":54},"15":{"name":"(anonymous_15)","decl":{"start":{"line":64,"column":23},"end":{"line":64,"column":24}},"loc":{"start":{"line":64,"column":37},"end":{"line":80,"column":5}},"line":64},"16":{"name":"(anonymous_16)","decl":{"start":{"line":65,"column":27},"end":{"line":65,"column":28}},"loc":{"start":{"line":65,"column":48},"end":{"line":79,"column":9}},"line":65},"17":{"name":"(anonymous_17)","decl":{"start":{"line":66,"column":159},"end":{"line":66,"column":160}},"loc":{"start":{"line":66,"column":177},"end":{"line":78,"column":13}},"line":66},"18":{"name":"(anonymous_18)","decl":{"start":{"line":72,"column":76},"end":{"line":72,"column":77}},"loc":{"start":{"line":72,"column":90},"end":{"line":72,"column":107}},"line":72},"19":{"name":"(anonymous_19)","decl":{"start":{"line":82,"column":16},"end":{"line":82,"column":17}},"loc":{"start":{"line":82,"column":30},"end":{"line":92,"column":5}},"line":82},"20":{"name":"(anonymous_20)","decl":{"start":{"line":83,"column":27},"end":{"line":83,"column":28}},"loc":{"start":{"line":83,"column":48},"end":{"line":91,"column":9}},"line":83},"21":{"name":"(anonymous_21)","decl":{"start":{"line":84,"column":78},"end":{"line":84,"column":79}},"loc":{"start":{"line":84,"column":96},"end":{"line":90,"column":13}},"line":84},"22":{"name":"(anonymous_22)","decl":{"start":{"line":96,"column":12},"end":{"line":96,"column":13}},"loc":{"start":{"line":96,"column":39},"end":{"line":109,"column":5}},"line":96},"23":{"name":"(anonymous_23)","decl":{"start":{"line":97,"column":27},"end":{"line":97,"column":28}},"loc":{"start":{"line":97,"column":48},"end":{"line":108,"column":9}},"line":97},"24":{"name":"(anonymous_24)","decl":{"start":{"line":100,"column":64},"end":{"line":100,"column":65}},"loc":{"start":{"line":100,"column":82},"end":{"line":107,"column":13}},"line":100},"25":{"name":"(anonymous_25)","decl":{"start":{"line":111,"column":13},"end":{"line":111,"column":14}},"loc":{"start":{"line":111,"column":29},"end":{"line":122,"column":5}},"line":111},"26":{"name":"(anonymous_26)","decl":{"start":{"line":112,"column":27},"end":{"line":112,"column":28}},"loc":{"start":{"line":112,"column":48},"end":{"line":121,"column":9}},"line":112},"27":{"name":"(anonymous_27)","decl":{"start":{"line":114,"column":32},"end":{"line":114,"column":33}},"loc":{"start":{"line":114,"column":49},"end":{"line":120,"column":13}},"line":114}},"branchMap":{"0":{"loc":{"start":{"line":6,"column":16},"end":{"line":10,"column":17}},"type":"if","locations":[{"start":{"line":6,"column":16},"end":{"line":10,"column":17}},{"start":{"line":8,"column":23},"end":{"line":10,"column":17}}],"line":6},"1":{"loc":{"start":{"line":19,"column":16},"end":{"line":23,"column":17}},"type":"if","locations":[{"start":{"line":19,"column":16},"end":{"line":23,"column":17}},{"start":{"line":21,"column":23},"end":{"line":23,"column":17}}],"line":19},"2":{"loc":{"start":{"line":31,"column":16},"end":{"line":35,"column":17}},"type":"if","locations":[{"start":{"line":31,"column":16},"end":{"line":35,"column":17}},{"start":{"line":33,"column":23},"end":{"line":35,"column":17}}],"line":31},"3":{"loc":{"start":{"line":43,"column":16},"end":{"line":47,"column":17}},"type":"if","locations":[{"start":{"line":43,"column":16},"end":{"line":47,"column":17}},{"start":{"line":45,"column":23},"end":{"line":47,"column":17}}],"line":43},"4":{"loc":{"start":{"line":55,"column":16},"end":{"line":59,"column":17}},"type":"if","locations":[{"start":{"line":55,"column":16},"end":{"line":59,"column":17}},{"start":{"line":57,"column":23},"end":{"line":59,"column":17}}],"line":55},"5":{"loc":{"start":{"line":67,"column":16},"end":{"line":77,"column":17}},"type":"if","locations":[{"start":{"line":67,"column":16},"end":{"line":77,"column":17}},{"start":{"line":69,"column":23},"end":{"line":77,"column":17}}],"line":67},"6":{"loc":{"start":{"line":70,"column":20},"end":{"line":76,"column":21}},"type":"if","locations":[{"start":{"line":70,"column":20},"end":{"line":76,"column":21}},{"start":{"line":74,"column":27},"end":{"line":76,"column":21}}],"line":70},"7":{"loc":{"start":{"line":85,"column":16},"end":{"line":89,"column":17}},"type":"if","locations":[{"start":{"line":85,"column":16},"end":{"line":89,"column":17}},{"start":{"line":87,"column":23},"end":{"line":89,"column":17}}],"line":85},"8":{"loc":{"start":{"line":101,"column":16},"end":{"line":106,"column":17}},"type":"if","locations":[{"start":{"line":101,"column":16},"end":{"line":106,"column":17}},{"start":{"line":103,"column":23},"end":{"line":106,"column":17}}],"line":101},"9":{"loc":{"start":{"line":115,"column":16},"end":{"line":119,"column":17}},"type":"if","locations":[{"start":{"line":115,"column":16},"end":{"line":119,"column":17}},{"start":{"line":117,"column":23},"end":{"line":119,"column":17}}],"line":115}},"s":{"0":2,"1":2,"2":1,"3":1,"4":1,"5":0,"6":1,"7":0,"8":0,"9":0,"10":0,"11":0,"12":0,"13":0,"14":0,"15":0,"16":0,"17":0,"18":0,"19":0,"20":0,"21":0,"22":0,"23":0,"24":0,"25":0,"26":0,"27":0,"28":1,"29":1,"30":1,"31":0,"32":1,"33":1,"34":1,"35":1,"36":1,"37":0,"38":0,"39":0,"40":0,"41":0,"42":0,"43":8,"44":8,"45":8,"46":8,"47":0,"48":8,"49":8,"50":8,"51":8,"52":8,"53":8,"54":0,"55":8},"f":{"0":1,"1":1,"2":1,"3":0,"4":0,"5":0,"6":0,"7":0,"8":0,"9":0,"10":0,"11":0,"12":0,"13":0,"14":0,"15":1,"16":1,"17":1,"18":1,"19":0,"20":0,"21":0,"22":8,"23":8,"24":8,"25":8,"26":8,"27":8},"b":{"0":[0,1],"1":[0,0],"2":[0,0],"3":[0,0],"4":[0,0],"5":[0,1],"6":[1,0],"7":[0,0],"8":[0,8],"9":[0,8]},"_coverageSchema":"1a1c01bbd47fc00a2c39e90264f33305004495a9","hash":"cf802021fa333f86efa9d68b3f95fa02a74784d4"}
,"/home/jpontoire/Documents/UTC/GI02/SR10/website/myapp/model/db.js": {"path":"/home/jpontoire/Documents/UTC/GI02/SR10/website/myapp/model/db.js","statementMap":{"0":{"start":{"line":1,"column":12},"end":{"line":1,"column":28}},"1":{"start":{"line":3,"column":11},"end":{"line":8,"column":2}},"2":{"start":{"line":10,"column":0},"end":{"line":10,"column":22}}},"fnMap":{},"branchMap":{},"s":{"0":13,"1":13,"2":13},"f":{},"b":{},"_coverageSchema":"1a1c01bbd47fc00a2c39e90264f33305004495a9","hash":"a64c4c78130bb22a64e3ca3aaeb91566ee0f378c"}
,"/home/jpontoire/Documents/UTC/GI02/SR10/website/myapp/model/fiche_poste.js": {"path":"/home/jpontoire/Documents/UTC/GI02/SR10/website/myapp/model/fiche_poste.js","statementMap":{"0":{"start":{"line":1,"column":9},"end":{"line":1,"column":27}},"1":{"start":{"line":2,"column":0},"end":{"line":346,"column":1}},"2":{"start":{"line":4,"column":8},"end":{"line":12,"column":11}},"3":{"start":{"line":5,"column":12},"end":{"line":11,"column":15}},"4":{"start":{"line":6,"column":16},"end":{"line":10,"column":17}},"5":{"start":{"line":7,"column":20},"end":{"line":7,"column":32}},"6":{"start":{"line":9,"column":20},"end":{"line":9,"column":40}},"7":{"start":{"line":16,"column":8},"end":{"line":25,"column":11}},"8":{"start":{"line":17,"column":24},"end":{"line":17,"column":51}},"9":{"start":{"line":18,"column":12},"end":{"line":24,"column":15}},"10":{"start":{"line":19,"column":16},"end":{"line":23,"column":17}},"11":{"start":{"line":20,"column":20},"end":{"line":20,"column":32}},"12":{"start":{"line":22,"column":20},"end":{"line":22,"column":37}},"13":{"start":{"line":29,"column":8},"end":{"line":40,"column":11}},"14":{"start":{"line":30,"column":24},"end":{"line":31,"column":62}},"15":{"start":{"line":32,"column":12},"end":{"line":39,"column":15}},"16":{"start":{"line":33,"column":16},"end":{"line":38,"column":17}},"17":{"start":{"line":34,"column":20},"end":{"line":34,"column":32}},"18":{"start":{"line":36,"column":31},"end":{"line":36,"column":47}},"19":{"start":{"line":37,"column":20},"end":{"line":37,"column":32}},"20":{"start":{"line":44,"column":8},"end":{"line":53,"column":10}},"21":{"start":{"line":45,"column":24},"end":{"line":45,"column":68}},"22":{"start":{"line":46,"column":12},"end":{"line":52,"column":14}},"23":{"start":{"line":47,"column":16},"end":{"line":51,"column":17}},"24":{"start":{"line":48,"column":20},"end":{"line":48,"column":32}},"25":{"start":{"line":50,"column":20},"end":{"line":50,"column":34}},"26":{"start":{"line":57,"column":8},"end":{"line":66,"column":10}},"27":{"start":{"line":58,"column":24},"end":{"line":58,"column":79}},"28":{"start":{"line":59,"column":12},"end":{"line":65,"column":14}},"29":{"start":{"line":60,"column":16},"end":{"line":64,"column":17}},"30":{"start":{"line":61,"column":20},"end":{"line":61,"column":32}},"31":{"start":{"line":63,"column":20},"end":{"line":63,"column":34}},"32":{"start":{"line":70,"column":8},"end":{"line":79,"column":10}},"33":{"start":{"line":71,"column":24},"end":{"line":71,"column":86}},"34":{"start":{"line":72,"column":12},"end":{"line":78,"column":14}},"35":{"start":{"line":73,"column":16},"end":{"line":77,"column":17}},"36":{"start":{"line":74,"column":20},"end":{"line":74,"column":32}},"37":{"start":{"line":76,"column":20},"end":{"line":76,"column":34}},"38":{"start":{"line":83,"column":8},"end":{"line":92,"column":10}},"39":{"start":{"line":84,"column":24},"end":{"line":84,"column":83}},"40":{"start":{"line":85,"column":12},"end":{"line":91,"column":14}},"41":{"start":{"line":86,"column":16},"end":{"line":90,"column":17}},"42":{"start":{"line":87,"column":20},"end":{"line":87,"column":32}},"43":{"start":{"line":89,"column":20},"end":{"line":89,"column":34}},"44":{"start":{"line":96,"column":8},"end":{"line":105,"column":10}},"45":{"start":{"line":97,"column":24},"end":{"line":97,"column":83}},"46":{"start":{"line":98,"column":12},"end":{"line":104,"column":14}},"47":{"start":{"line":99,"column":16},"end":{"line":103,"column":17}},"48":{"start":{"line":100,"column":20},"end":{"line":100,"column":32}},"49":{"start":{"line":102,"column":20},"end":{"line":102,"column":34}},"50":{"start":{"line":109,"column":8},"end":{"line":118,"column":10}},"51":{"start":{"line":110,"column":24},"end":{"line":110,"column":83}},"52":{"start":{"line":111,"column":12},"end":{"line":117,"column":14}},"53":{"start":{"line":112,"column":16},"end":{"line":116,"column":17}},"54":{"start":{"line":113,"column":20},"end":{"line":113,"column":32}},"55":{"start":{"line":115,"column":20},"end":{"line":115,"column":34}},"56":{"start":{"line":122,"column":8},"end":{"line":131,"column":10}},"57":{"start":{"line":123,"column":24},"end":{"line":123,"column":83}},"58":{"start":{"line":124,"column":12},"end":{"line":130,"column":14}},"59":{"start":{"line":125,"column":16},"end":{"line":129,"column":17}},"60":{"start":{"line":126,"column":20},"end":{"line":126,"column":32}},"61":{"start":{"line":128,"column":20},"end":{"line":128,"column":34}},"62":{"start":{"line":135,"column":8},"end":{"line":144,"column":10}},"63":{"start":{"line":136,"column":24},"end":{"line":136,"column":76}},"64":{"start":{"line":137,"column":12},"end":{"line":143,"column":14}},"65":{"start":{"line":138,"column":16},"end":{"line":142,"column":17}},"66":{"start":{"line":139,"column":20},"end":{"line":139,"column":32}},"67":{"start":{"line":141,"column":20},"end":{"line":141,"column":34}},"68":{"start":{"line":148,"column":8},"end":{"line":157,"column":10}},"69":{"start":{"line":149,"column":24},"end":{"line":149,"column":77}},"70":{"start":{"line":150,"column":12},"end":{"line":156,"column":14}},"71":{"start":{"line":151,"column":16},"end":{"line":155,"column":17}},"72":{"start":{"line":152,"column":20},"end":{"line":152,"column":32}},"73":{"start":{"line":154,"column":20},"end":{"line":154,"column":34}},"74":{"start":{"line":161,"column":8},"end":{"line":170,"column":10}},"75":{"start":{"line":162,"column":24},"end":{"line":162,"column":76}},"76":{"start":{"line":163,"column":12},"end":{"line":169,"column":14}},"77":{"start":{"line":164,"column":16},"end":{"line":168,"column":17}},"78":{"start":{"line":165,"column":20},"end":{"line":165,"column":32}},"79":{"start":{"line":167,"column":20},"end":{"line":167,"column":34}},"80":{"start":{"line":174,"column":8},"end":{"line":183,"column":10}},"81":{"start":{"line":175,"column":24},"end":{"line":175,"column":84}},"82":{"start":{"line":176,"column":12},"end":{"line":182,"column":14}},"83":{"start":{"line":177,"column":16},"end":{"line":181,"column":17}},"84":{"start":{"line":178,"column":20},"end":{"line":178,"column":32}},"85":{"start":{"line":180,"column":20},"end":{"line":180,"column":34}},"86":{"start":{"line":187,"column":8},"end":{"line":196,"column":10}},"87":{"start":{"line":188,"column":24},"end":{"line":188,"column":81}},"88":{"start":{"line":189,"column":12},"end":{"line":195,"column":14}},"89":{"start":{"line":190,"column":16},"end":{"line":194,"column":17}},"90":{"start":{"line":191,"column":20},"end":{"line":191,"column":32}},"91":{"start":{"line":193,"column":20},"end":{"line":193,"column":34}}},"fnMap":{"0":{"name":"(anonymous_0)","decl":{"start":{"line":3,"column":10},"end":{"line":3,"column":11}},"loc":{"start":{"line":3,"column":30},"end":{"line":13,"column":5}},"line":3},"1":{"name":"(anonymous_1)","decl":{"start":{"line":4,"column":27},"end":{"line":4,"column":28}},"loc":{"start":{"line":4,"column":48},"end":{"line":12,"column":9}},"line":4},"2":{"name":"(anonymous_2)","decl":{"start":{"line":5,"column":78},"end":{"line":5,"column":79}},"loc":{"start":{"line":5,"column":96},"end":{"line":11,"column":13}},"line":5},"3":{"name":"(anonymous_3)","decl":{"start":{"line":15,"column":13},"end":{"line":15,"column":14}},"loc":{"start":{"line":15,"column":25},"end":{"line":26,"column":5}},"line":15},"4":{"name":"(anonymous_4)","decl":{"start":{"line":16,"column":27},"end":{"line":16,"column":28}},"loc":{"start":{"line":16,"column":48},"end":{"line":25,"column":9}},"line":16},"5":{"name":"(anonymous_5)","decl":{"start":{"line":18,"column":26},"end":{"line":18,"column":27}},"loc":{"start":{"line":18,"column":44},"end":{"line":24,"column":13}},"line":18},"6":{"name":"(anonymous_6)","decl":{"start":{"line":28,"column":12},"end":{"line":28,"column":13}},"loc":{"start":{"line":28,"column":164},"end":{"line":41,"column":5}},"line":28},"7":{"name":"(anonymous_7)","decl":{"start":{"line":29,"column":27},"end":{"line":29,"column":28}},"loc":{"start":{"line":29,"column":48},"end":{"line":40,"column":9}},"line":29},"8":{"name":"(anonymous_8)","decl":{"start":{"line":32,"column":171},"end":{"line":32,"column":172}},"loc":{"start":{"line":32,"column":189},"end":{"line":39,"column":13}},"line":32},"9":{"name":"(anonymous_9)","decl":{"start":{"line":43,"column":12},"end":{"line":43,"column":13}},"loc":{"start":{"line":43,"column":32},"end":{"line":54,"column":5}},"line":43},"10":{"name":"(anonymous_10)","decl":{"start":{"line":44,"column":27},"end":{"line":44,"column":28}},"loc":{"start":{"line":44,"column":48},"end":{"line":53,"column":9}},"line":44},"11":{"name":"(anonymous_11)","decl":{"start":{"line":46,"column":36},"end":{"line":46,"column":37}},"loc":{"start":{"line":46,"column":54},"end":{"line":52,"column":13}},"line":46},"12":{"name":"(anonymous_12)","decl":{"start":{"line":56,"column":20},"end":{"line":56,"column":21}},"loc":{"start":{"line":56,"column":54},"end":{"line":67,"column":5}},"line":56},"13":{"name":"(anonymous_13)","decl":{"start":{"line":57,"column":27},"end":{"line":57,"column":28}},"loc":{"start":{"line":57,"column":48},"end":{"line":66,"column":9}},"line":57},"14":{"name":"(anonymous_14)","decl":{"start":{"line":59,"column":52},"end":{"line":59,"column":53}},"loc":{"start":{"line":59,"column":70},"end":{"line":65,"column":13}},"line":59},"15":{"name":"(anonymous_15)","decl":{"start":{"line":69,"column":18},"end":{"line":69,"column":19}},"loc":{"start":{"line":69,"column":50},"end":{"line":80,"column":5}},"line":69},"16":{"name":"(anonymous_16)","decl":{"start":{"line":70,"column":27},"end":{"line":70,"column":28}},"loc":{"start":{"line":70,"column":48},"end":{"line":79,"column":9}},"line":70},"17":{"name":"(anonymous_17)","decl":{"start":{"line":72,"column":50},"end":{"line":72,"column":51}},"loc":{"start":{"line":72,"column":68},"end":{"line":78,"column":13}},"line":72},"18":{"name":"(anonymous_18)","decl":{"start":{"line":82,"column":23},"end":{"line":82,"column":24}},"loc":{"start":{"line":82,"column":60},"end":{"line":93,"column":5}},"line":82},"19":{"name":"(anonymous_19)","decl":{"start":{"line":83,"column":27},"end":{"line":83,"column":28}},"loc":{"start":{"line":83,"column":48},"end":{"line":92,"column":9}},"line":83},"20":{"name":"(anonymous_20)","decl":{"start":{"line":85,"column":55},"end":{"line":85,"column":56}},"loc":{"start":{"line":85,"column":73},"end":{"line":91,"column":13}},"line":85},"21":{"name":"(anonymous_21)","decl":{"start":{"line":95,"column":23},"end":{"line":95,"column":24}},"loc":{"start":{"line":95,"column":52},"end":{"line":106,"column":5}},"line":95},"22":{"name":"(anonymous_22)","decl":{"start":{"line":96,"column":27},"end":{"line":96,"column":28}},"loc":{"start":{"line":96,"column":48},"end":{"line":105,"column":9}},"line":96},"23":{"name":"(anonymous_23)","decl":{"start":{"line":98,"column":47},"end":{"line":98,"column":48}},"loc":{"start":{"line":98,"column":65},"end":{"line":104,"column":13}},"line":98},"24":{"name":"(anonymous_24)","decl":{"start":{"line":108,"column":23},"end":{"line":108,"column":24}},"loc":{"start":{"line":108,"column":52},"end":{"line":119,"column":5}},"line":108},"25":{"name":"(anonymous_25)","decl":{"start":{"line":109,"column":27},"end":{"line":109,"column":28}},"loc":{"start":{"line":109,"column":48},"end":{"line":118,"column":9}},"line":109},"26":{"name":"(anonymous_26)","decl":{"start":{"line":111,"column":47},"end":{"line":111,"column":48}},"loc":{"start":{"line":111,"column":65},"end":{"line":117,"column":13}},"line":111},"27":{"name":"(anonymous_27)","decl":{"start":{"line":121,"column":23},"end":{"line":121,"column":24}},"loc":{"start":{"line":121,"column":53},"end":{"line":132,"column":5}},"line":121},"28":{"name":"(anonymous_28)","decl":{"start":{"line":122,"column":27},"end":{"line":122,"column":28}},"loc":{"start":{"line":122,"column":48},"end":{"line":131,"column":9}},"line":122},"29":{"name":"(anonymous_29)","decl":{"start":{"line":124,"column":48},"end":{"line":124,"column":49}},"loc":{"start":{"line":124,"column":66},"end":{"line":130,"column":13}},"line":124},"30":{"name":"(anonymous_30)","decl":{"start":{"line":134,"column":16},"end":{"line":134,"column":17}},"loc":{"start":{"line":134,"column":46},"end":{"line":145,"column":5}},"line":134},"31":{"name":"(anonymous_31)","decl":{"start":{"line":135,"column":27},"end":{"line":135,"column":28}},"loc":{"start":{"line":135,"column":48},"end":{"line":144,"column":9}},"line":135},"32":{"name":"(anonymous_32)","decl":{"start":{"line":137,"column":48},"end":{"line":137,"column":49}},"loc":{"start":{"line":137,"column":66},"end":{"line":143,"column":13}},"line":137},"33":{"name":"(anonymous_33)","decl":{"start":{"line":147,"column":18},"end":{"line":147,"column":19}},"loc":{"start":{"line":147,"column":50},"end":{"line":158,"column":5}},"line":147},"34":{"name":"(anonymous_34)","decl":{"start":{"line":148,"column":27},"end":{"line":148,"column":28}},"loc":{"start":{"line":148,"column":48},"end":{"line":157,"column":9}},"line":148},"35":{"name":"(anonymous_35)","decl":{"start":{"line":150,"column":50},"end":{"line":150,"column":51}},"loc":{"start":{"line":150,"column":68},"end":{"line":156,"column":13}},"line":150},"36":{"name":"(anonymous_36)","decl":{"start":{"line":160,"column":16},"end":{"line":160,"column":17}},"loc":{"start":{"line":160,"column":46},"end":{"line":171,"column":5}},"line":160},"37":{"name":"(anonymous_37)","decl":{"start":{"line":161,"column":27},"end":{"line":161,"column":28}},"loc":{"start":{"line":161,"column":48},"end":{"line":170,"column":9}},"line":161},"38":{"name":"(anonymous_38)","decl":{"start":{"line":163,"column":48},"end":{"line":163,"column":49}},"loc":{"start":{"line":163,"column":66},"end":{"line":169,"column":13}},"line":163},"39":{"name":"(anonymous_39)","decl":{"start":{"line":173,"column":24},"end":{"line":173,"column":25}},"loc":{"start":{"line":173,"column":54},"end":{"line":184,"column":5}},"line":173},"40":{"name":"(anonymous_40)","decl":{"start":{"line":174,"column":27},"end":{"line":174,"column":28}},"loc":{"start":{"line":174,"column":48},"end":{"line":183,"column":9}},"line":174},"41":{"name":"(anonymous_41)","decl":{"start":{"line":176,"column":48},"end":{"line":176,"column":49}},"loc":{"start":{"line":176,"column":66},"end":{"line":182,"column":13}},"line":176},"42":{"name":"(anonymous_42)","decl":{"start":{"line":186,"column":21},"end":{"line":186,"column":22}},"loc":{"start":{"line":186,"column":56},"end":{"line":197,"column":5}},"line":186},"43":{"name":"(anonymous_43)","decl":{"start":{"line":187,"column":27},"end":{"line":187,"column":28}},"loc":{"start":{"line":187,"column":48},"end":{"line":196,"column":9}},"line":187},"44":{"name":"(anonymous_44)","decl":{"start":{"line":189,"column":53},"end":{"line":189,"column":54}},"loc":{"start":{"line":189,"column":71},"end":{"line":195,"column":13}},"line":189}},"branchMap":{"0":{"loc":{"start":{"line":6,"column":16},"end":{"line":10,"column":17}},"type":"if","locations":[{"start":{"line":6,"column":16},"end":{"line":10,"column":17}},{"start":{"line":8,"column":23},"end":{"line":10,"column":17}}],"line":6},"1":{"loc":{"start":{"line":19,"column":16},"end":{"line":23,"column":17}},"type":"if","locations":[{"start":{"line":19,"column":16},"end":{"line":23,"column":17}},{"start":{"line":21,"column":23},"end":{"line":23,"column":17}}],"line":19},"2":{"loc":{"start":{"line":33,"column":16},"end":{"line":38,"column":17}},"type":"if","locations":[{"start":{"line":33,"column":16},"end":{"line":38,"column":17}},{"start":{"line":35,"column":23},"end":{"line":38,"column":17}}],"line":33},"3":{"loc":{"start":{"line":47,"column":16},"end":{"line":51,"column":17}},"type":"if","locations":[{"start":{"line":47,"column":16},"end":{"line":51,"column":17}},{"start":{"line":49,"column":23},"end":{"line":51,"column":17}}],"line":47},"4":{"loc":{"start":{"line":60,"column":16},"end":{"line":64,"column":17}},"type":"if","locations":[{"start":{"line":60,"column":16},"end":{"line":64,"column":17}},{"start":{"line":62,"column":23},"end":{"line":64,"column":17}}],"line":60},"5":{"loc":{"start":{"line":73,"column":16},"end":{"line":77,"column":17}},"type":"if","locations":[{"start":{"line":73,"column":16},"end":{"line":77,"column":17}},{"start":{"line":75,"column":23},"end":{"line":77,"column":17}}],"line":73},"6":{"loc":{"start":{"line":86,"column":16},"end":{"line":90,"column":17}},"type":"if","locations":[{"start":{"line":86,"column":16},"end":{"line":90,"column":17}},{"start":{"line":88,"column":23},"end":{"line":90,"column":17}}],"line":86},"7":{"loc":{"start":{"line":99,"column":16},"end":{"line":103,"column":17}},"type":"if","locations":[{"start":{"line":99,"column":16},"end":{"line":103,"column":17}},{"start":{"line":101,"column":23},"end":{"line":103,"column":17}}],"line":99},"8":{"loc":{"start":{"line":112,"column":16},"end":{"line":116,"column":17}},"type":"if","locations":[{"start":{"line":112,"column":16},"end":{"line":116,"column":17}},{"start":{"line":114,"column":23},"end":{"line":116,"column":17}}],"line":112},"9":{"loc":{"start":{"line":125,"column":16},"end":{"line":129,"column":17}},"type":"if","locations":[{"start":{"line":125,"column":16},"end":{"line":129,"column":17}},{"start":{"line":127,"column":23},"end":{"line":129,"column":17}}],"line":125},"10":{"loc":{"start":{"line":138,"column":16},"end":{"line":142,"column":17}},"type":"if","locations":[{"start":{"line":138,"column":16},"end":{"line":142,"column":17}},{"start":{"line":140,"column":23},"end":{"line":142,"column":17}}],"line":138},"11":{"loc":{"start":{"line":151,"column":16},"end":{"line":155,"column":17}},"type":"if","locations":[{"start":{"line":151,"column":16},"end":{"line":155,"column":17}},{"start":{"line":153,"column":23},"end":{"line":155,"column":17}}],"line":151},"12":{"loc":{"start":{"line":164,"column":16},"end":{"line":168,"column":17}},"type":"if","locations":[{"start":{"line":164,"column":16},"end":{"line":168,"column":17}},{"start":{"line":166,"column":23},"end":{"line":168,"column":17}}],"line":164},"13":{"loc":{"start":{"line":177,"column":16},"end":{"line":181,"column":17}},"type":"if","locations":[{"start":{"line":177,"column":16},"end":{"line":181,"column":17}},{"start":{"line":179,"column":23},"end":{"line":181,"column":17}}],"line":177},"14":{"loc":{"start":{"line":190,"column":16},"end":{"line":194,"column":17}},"type":"if","locations":[{"start":{"line":190,"column":16},"end":{"line":194,"column":17}},{"start":{"line":192,"column":23},"end":{"line":194,"column":17}}],"line":190}},"s":{"0":3,"1":3,"2":1,"3":1,"4":1,"5":0,"6":1,"7":0,"8":0,"9":0,"10":0,"11":0,"12":0,"13":7,"14":7,"15":7,"16":7,"17":0,"18":7,"19":7,"20":7,"21":7,"22":7,"23":7,"24":0,"25":7,"26":0,"27":0,"28":0,"29":0,"30":0,"31":0,"32":0,"33":0,"34":0,"35":0,"36":0,"37":0,"38":0,"39":0,"40":0,"41":0,"42":0,"43":0,"44":0,"45":0,"46":0,"47":0,"48":0,"49":0,"50":0,"51":0,"52":0,"53":0,"54":0,"55":0,"56":0,"57":0,"58":0,"59":0,"60":0,"61":0,"62":0,"63":0,"64":0,"65":0,"66":0,"67":0,"68":0,"69":0,"70":0,"71":0,"72":0,"73":0,"74":0,"75":0,"76":0,"77":0,"78":0,"79":0,"80":0,"81":0,"82":0,"83":0,"84":0,"85":0,"86":0,"87":0,"88":0,"89":0,"90":0,"91":0},"f":{"0":1,"1":1,"2":1,"3":0,"4":0,"5":0,"6":7,"7":7,"8":7,"9":7,"10":7,"11":7,"12":0,"13":0,"14":0,"15":0,"16":0,"17":0,"18":0,"19":0,"20":0,"21":0,"22":0,"23":0,"24":0,"25":0,"26":0,"27":0,"28":0,"29":0,"30":0,"31":0,"32":0,"33":0,"34":0,"35":0,"36":0,"37":0,"38":0,"39":0,"40":0,"41":0,"42":0,"43":0,"44":0},"b":{"0":[0,1],"1":[0,0],"2":[0,7],"3":[0,7],"4":[0,0],"5":[0,0],"6":[0,0],"7":[0,0],"8":[0,0],"9":[0,0],"10":[0,0],"11":[0,0],"12":[0,0],"13":[0,0],"14":[0,0]},"_coverageSchema":"1a1c01bbd47fc00a2c39e90264f33305004495a9","hash":"5d966641e1f420e06159389d3adae5687797d7e6"}
,"/home/jpontoire/Documents/UTC/GI02/SR10/website/myapp/model/offre_emploi.js": {"path":"/home/jpontoire/Documents/UTC/GI02/SR10/website/myapp/model/offre_emploi.js","statementMap":{"0":{"start":{"line":1,"column":9},"end":{"line":1,"column":27}},"1":{"start":{"line":2,"column":0},"end":{"line":357,"column":1}},"2":{"start":{"line":4,"column":8},"end":{"line":12,"column":11}},"3":{"start":{"line":5,"column":12},"end":{"line":11,"column":15}},"4":{"start":{"line":6,"column":16},"end":{"line":10,"column":17}},"5":{"start":{"line":7,"column":20},"end":{"line":7,"column":32}},"6":{"start":{"line":9,"column":20},"end":{"line":9,"column":40}},"7":{"start":{"line":16,"column":8},"end":{"line":25,"column":11}},"8":{"start":{"line":17,"column":24},"end":{"line":17,"column":52}},"9":{"start":{"line":18,"column":12},"end":{"line":24,"column":15}},"10":{"start":{"line":19,"column":16},"end":{"line":23,"column":17}},"11":{"start":{"line":20,"column":20},"end":{"line":20,"column":32}},"12":{"start":{"line":22,"column":20},"end":{"line":22,"column":37}},"13":{"start":{"line":29,"column":8},"end":{"line":39,"column":11}},"14":{"start":{"line":30,"column":27},"end":{"line":30,"column":37}},"15":{"start":{"line":31,"column":16},"end":{"line":38,"column":18}},"16":{"start":{"line":32,"column":20},"end":{"line":37,"column":21}},"17":{"start":{"line":33,"column":24},"end":{"line":33,"column":36}},"18":{"start":{"line":35,"column":36},"end":{"line":35,"column":52}},"19":{"start":{"line":36,"column":24},"end":{"line":36,"column":37}},"20":{"start":{"line":43,"column":8},"end":{"line":52,"column":11}},"21":{"start":{"line":44,"column":24},"end":{"line":44,"column":64}},"22":{"start":{"line":45,"column":12},"end":{"line":51,"column":15}},"23":{"start":{"line":46,"column":16},"end":{"line":50,"column":17}},"24":{"start":{"line":47,"column":20},"end":{"line":47,"column":32}},"25":{"start":{"line":49,"column":20},"end":{"line":49,"column":34}},"26":{"start":{"line":57,"column":8},"end":{"line":65,"column":11}},"27":{"start":{"line":58,"column":12},"end":{"line":64,"column":15}},"28":{"start":{"line":59,"column":16},"end":{"line":63,"column":17}},"29":{"start":{"line":60,"column":20},"end":{"line":60,"column":32}},"30":{"start":{"line":62,"column":20},"end":{"line":62,"column":37}},"31":{"start":{"line":69,"column":8},"end":{"line":77,"column":11}},"32":{"start":{"line":70,"column":12},"end":{"line":76,"column":15}},"33":{"start":{"line":71,"column":16},"end":{"line":75,"column":17}},"34":{"start":{"line":72,"column":20},"end":{"line":72,"column":32}},"35":{"start":{"line":74,"column":20},"end":{"line":74,"column":37}},"36":{"start":{"line":81,"column":8},"end":{"line":89,"column":11}},"37":{"start":{"line":82,"column":12},"end":{"line":88,"column":15}},"38":{"start":{"line":83,"column":16},"end":{"line":87,"column":17}},"39":{"start":{"line":84,"column":20},"end":{"line":84,"column":32}},"40":{"start":{"line":86,"column":20},"end":{"line":86,"column":37}},"41":{"start":{"line":93,"column":8},"end":{"line":101,"column":11}},"42":{"start":{"line":94,"column":12},"end":{"line":100,"column":15}},"43":{"start":{"line":95,"column":16},"end":{"line":99,"column":17}},"44":{"start":{"line":96,"column":20},"end":{"line":96,"column":32}},"45":{"start":{"line":98,"column":20},"end":{"line":98,"column":37}},"46":{"start":{"line":105,"column":8},"end":{"line":113,"column":11}},"47":{"start":{"line":106,"column":12},"end":{"line":112,"column":15}},"48":{"start":{"line":107,"column":16},"end":{"line":111,"column":17}},"49":{"start":{"line":108,"column":20},"end":{"line":108,"column":32}},"50":{"start":{"line":110,"column":20},"end":{"line":110,"column":37}},"51":{"start":{"line":117,"column":8},"end":{"line":125,"column":11}},"52":{"start":{"line":118,"column":12},"end":{"line":124,"column":15}},"53":{"start":{"line":119,"column":16},"end":{"line":123,"column":17}},"54":{"start":{"line":120,"column":20},"end":{"line":120,"column":32}},"55":{"start":{"line":122,"column":20},"end":{"line":122,"column":37}},"56":{"start":{"line":129,"column":8},"end":{"line":137,"column":11}},"57":{"start":{"line":130,"column":12},"end":{"line":136,"column":15}},"58":{"start":{"line":131,"column":16},"end":{"line":135,"column":17}},"59":{"start":{"line":132,"column":20},"end":{"line":132,"column":32}},"60":{"start":{"line":134,"column":20},"end":{"line":134,"column":37}},"61":{"start":{"line":141,"column":8},"end":{"line":149,"column":11}},"62":{"start":{"line":142,"column":12},"end":{"line":148,"column":15}},"63":{"start":{"line":143,"column":16},"end":{"line":147,"column":17}},"64":{"start":{"line":144,"column":20},"end":{"line":144,"column":32}},"65":{"start":{"line":146,"column":20},"end":{"line":146,"column":37}},"66":{"start":{"line":153,"column":8},"end":{"line":161,"column":11}},"67":{"start":{"line":154,"column":12},"end":{"line":160,"column":15}},"68":{"start":{"line":155,"column":16},"end":{"line":159,"column":17}},"69":{"start":{"line":156,"column":20},"end":{"line":156,"column":32}},"70":{"start":{"line":158,"column":20},"end":{"line":158,"column":34}},"71":{"start":{"line":165,"column":8},"end":{"line":173,"column":11}},"72":{"start":{"line":166,"column":12},"end":{"line":172,"column":15}},"73":{"start":{"line":167,"column":16},"end":{"line":171,"column":17}},"74":{"start":{"line":168,"column":20},"end":{"line":168,"column":32}},"75":{"start":{"line":170,"column":20},"end":{"line":170,"column":34}},"76":{"start":{"line":177,"column":8},"end":{"line":185,"column":11}},"77":{"start":{"line":178,"column":12},"end":{"line":184,"column":15}},"78":{"start":{"line":179,"column":16},"end":{"line":183,"column":17}},"79":{"start":{"line":180,"column":20},"end":{"line":180,"column":32}},"80":{"start":{"line":182,"column":20},"end":{"line":182,"column":34}},"81":{"start":{"line":189,"column":8},"end":{"line":197,"column":11}},"82":{"start":{"line":190,"column":12},"end":{"line":196,"column":15}},"83":{"start":{"line":191,"column":16},"end":{"line":195,"column":17}},"84":{"start":{"line":192,"column":20},"end":{"line":192,"column":32}},"85":{"start":{"line":194,"column":20},"end":{"line":194,"column":34}}},"fnMap":{"0":{"name":"(anonymous_0)","decl":{"start":{"line":3,"column":10},"end":{"line":3,"column":11}},"loc":{"start":{"line":3,"column":25},"end":{"line":13,"column":5}},"line":3},"1":{"name":"(anonymous_1)","decl":{"start":{"line":4,"column":27},"end":{"line":4,"column":28}},"loc":{"start":{"line":4,"column":48},"end":{"line":12,"column":9}},"line":4},"2":{"name":"(anonymous_2)","decl":{"start":{"line":5,"column":69},"end":{"line":5,"column":70}},"loc":{"start":{"line":5,"column":87},"end":{"line":11,"column":13}},"line":5},"3":{"name":"(anonymous_3)","decl":{"start":{"line":15,"column":13},"end":{"line":15,"column":14}},"loc":{"start":{"line":15,"column":25},"end":{"line":26,"column":5}},"line":15},"4":{"name":"(anonymous_4)","decl":{"start":{"line":16,"column":27},"end":{"line":16,"column":28}},"loc":{"start":{"line":16,"column":48},"end":{"line":25,"column":9}},"line":16},"5":{"name":"(anonymous_5)","decl":{"start":{"line":18,"column":26},"end":{"line":18,"column":27}},"loc":{"start":{"line":18,"column":44},"end":{"line":24,"column":13}},"line":18},"6":{"name":"(anonymous_6)","decl":{"start":{"line":28,"column":12},"end":{"line":28,"column":13}},"loc":{"start":{"line":28,"column":63},"end":{"line":40,"column":5}},"line":28},"7":{"name":"(anonymous_7)","decl":{"start":{"line":29,"column":27},"end":{"line":29,"column":28}},"loc":{"start":{"line":29,"column":48},"end":{"line":39,"column":9}},"line":29},"8":{"name":"(anonymous_8)","decl":{"start":{"line":31,"column":132},"end":{"line":31,"column":133}},"loc":{"start":{"line":31,"column":150},"end":{"line":38,"column":17}},"line":31},"9":{"name":"(anonymous_9)","decl":{"start":{"line":42,"column":13},"end":{"line":42,"column":14}},"loc":{"start":{"line":42,"column":28},"end":{"line":53,"column":5}},"line":42},"10":{"name":"(anonymous_10)","decl":{"start":{"line":43,"column":27},"end":{"line":43,"column":28}},"loc":{"start":{"line":43,"column":48},"end":{"line":52,"column":9}},"line":43},"11":{"name":"(anonymous_11)","decl":{"start":{"line":45,"column":31},"end":{"line":45,"column":32}},"loc":{"start":{"line":45,"column":48},"end":{"line":51,"column":13}},"line":45},"12":{"name":"(anonymous_12)","decl":{"start":{"line":56,"column":13},"end":{"line":56,"column":14}},"loc":{"start":{"line":56,"column":25},"end":{"line":66,"column":5}},"line":56},"13":{"name":"(anonymous_13)","decl":{"start":{"line":57,"column":27},"end":{"line":57,"column":28}},"loc":{"start":{"line":57,"column":48},"end":{"line":65,"column":9}},"line":57},"14":{"name":"(anonymous_14)","decl":{"start":{"line":58,"column":218},"end":{"line":58,"column":219}},"loc":{"start":{"line":58,"column":236},"end":{"line":64,"column":13}},"line":58},"15":{"name":"(anonymous_15)","decl":{"start":{"line":68,"column":15},"end":{"line":68,"column":16}},"loc":{"start":{"line":68,"column":29},"end":{"line":78,"column":5}},"line":68},"16":{"name":"(anonymous_16)","decl":{"start":{"line":69,"column":27},"end":{"line":69,"column":28}},"loc":{"start":{"line":69,"column":48},"end":{"line":77,"column":9}},"line":69},"17":{"name":"(anonymous_17)","decl":{"start":{"line":70,"column":216},"end":{"line":70,"column":217}},"loc":{"start":{"line":70,"column":234},"end":{"line":76,"column":13}},"line":70},"18":{"name":"(anonymous_18)","decl":{"start":{"line":80,"column":18},"end":{"line":80,"column":19}},"loc":{"start":{"line":80,"column":35},"end":{"line":90,"column":5}},"line":80},"19":{"name":"(anonymous_19)","decl":{"start":{"line":81,"column":27},"end":{"line":81,"column":28}},"loc":{"start":{"line":81,"column":48},"end":{"line":89,"column":9}},"line":81},"20":{"name":"(anonymous_20)","decl":{"start":{"line":82,"column":217},"end":{"line":82,"column":218}},"loc":{"start":{"line":82,"column":235},"end":{"line":88,"column":13}},"line":82},"21":{"name":"(anonymous_21)","decl":{"start":{"line":92,"column":24},"end":{"line":92,"column":25}},"loc":{"start":{"line":92,"column":38},"end":{"line":102,"column":5}},"line":92},"22":{"name":"(anonymous_22)","decl":{"start":{"line":93,"column":27},"end":{"line":93,"column":28}},"loc":{"start":{"line":93,"column":48},"end":{"line":101,"column":9}},"line":93},"23":{"name":"(anonymous_23)","decl":{"start":{"line":94,"column":217},"end":{"line":94,"column":218}},"loc":{"start":{"line":94,"column":235},"end":{"line":100,"column":13}},"line":94},"24":{"name":"(anonymous_24)","decl":{"start":{"line":104,"column":19},"end":{"line":104,"column":20}},"loc":{"start":{"line":104,"column":37},"end":{"line":114,"column":5}},"line":104},"25":{"name":"(anonymous_25)","decl":{"start":{"line":105,"column":27},"end":{"line":105,"column":28}},"loc":{"start":{"line":105,"column":48},"end":{"line":113,"column":9}},"line":105},"26":{"name":"(anonymous_26)","decl":{"start":{"line":106,"column":232},"end":{"line":106,"column":233}},"loc":{"start":{"line":106,"column":250},"end":{"line":112,"column":13}},"line":106},"27":{"name":"(anonymous_27)","decl":{"start":{"line":116,"column":19},"end":{"line":116,"column":20}},"loc":{"start":{"line":116,"column":37},"end":{"line":126,"column":5}},"line":116},"28":{"name":"(anonymous_28)","decl":{"start":{"line":117,"column":27},"end":{"line":117,"column":28}},"loc":{"start":{"line":117,"column":48},"end":{"line":125,"column":9}},"line":117},"29":{"name":"(anonymous_29)","decl":{"start":{"line":118,"column":285},"end":{"line":118,"column":286}},"loc":{"start":{"line":118,"column":303},"end":{"line":124,"column":13}},"line":118},"30":{"name":"(anonymous_30)","decl":{"start":{"line":128,"column":20},"end":{"line":128,"column":21}},"loc":{"start":{"line":128,"column":38},"end":{"line":138,"column":5}},"line":128},"31":{"name":"(anonymous_31)","decl":{"start":{"line":129,"column":27},"end":{"line":129,"column":28}},"loc":{"start":{"line":129,"column":48},"end":{"line":137,"column":9}},"line":129},"32":{"name":"(anonymous_32)","decl":{"start":{"line":130,"column":283},"end":{"line":130,"column":284}},"loc":{"start":{"line":130,"column":301},"end":{"line":136,"column":13}},"line":130},"33":{"name":"(anonymous_33)","decl":{"start":{"line":140,"column":21},"end":{"line":140,"column":22}},"loc":{"start":{"line":140,"column":36},"end":{"line":150,"column":5}},"line":140},"34":{"name":"(anonymous_34)","decl":{"start":{"line":141,"column":27},"end":{"line":141,"column":28}},"loc":{"start":{"line":141,"column":48},"end":{"line":149,"column":9}},"line":141},"35":{"name":"(anonymous_35)","decl":{"start":{"line":142,"column":213},"end":{"line":142,"column":214}},"loc":{"start":{"line":142,"column":231},"end":{"line":148,"column":13}},"line":142},"36":{"name":"(anonymous_36)","decl":{"start":{"line":152,"column":25},"end":{"line":152,"column":26}},"loc":{"start":{"line":152,"column":59},"end":{"line":162,"column":5}},"line":152},"37":{"name":"(anonymous_37)","decl":{"start":{"line":153,"column":27},"end":{"line":153,"column":28}},"loc":{"start":{"line":153,"column":48},"end":{"line":161,"column":9}},"line":153},"38":{"name":"(anonymous_38)","decl":{"start":{"line":154,"column":105},"end":{"line":154,"column":106}},"loc":{"start":{"line":154,"column":123},"end":{"line":160,"column":13}},"line":154},"39":{"name":"(anonymous_39)","decl":{"start":{"line":164,"column":23},"end":{"line":164,"column":24}},"loc":{"start":{"line":164,"column":55},"end":{"line":174,"column":5}},"line":164},"40":{"name":"(anonymous_40)","decl":{"start":{"line":165,"column":27},"end":{"line":165,"column":28}},"loc":{"start":{"line":165,"column":48},"end":{"line":173,"column":9}},"line":165},"41":{"name":"(anonymous_41)","decl":{"start":{"line":166,"column":102},"end":{"line":166,"column":103}},"loc":{"start":{"line":166,"column":120},"end":{"line":172,"column":13}},"line":166},"42":{"name":"(anonymous_42)","decl":{"start":{"line":176,"column":17},"end":{"line":176,"column":18}},"loc":{"start":{"line":176,"column":43},"end":{"line":186,"column":5}},"line":176},"43":{"name":"(anonymous_43)","decl":{"start":{"line":177,"column":27},"end":{"line":177,"column":28}},"loc":{"start":{"line":177,"column":48},"end":{"line":185,"column":9}},"line":177},"44":{"name":"(anonymous_44)","decl":{"start":{"line":178,"column":90},"end":{"line":178,"column":91}},"loc":{"start":{"line":178,"column":108},"end":{"line":184,"column":13}},"line":178},"45":{"name":"(anonymous_45)","decl":{"start":{"line":188,"column":16},"end":{"line":188,"column":17}},"loc":{"start":{"line":188,"column":41},"end":{"line":198,"column":5}},"line":188},"46":{"name":"(anonymous_46)","decl":{"start":{"line":189,"column":27},"end":{"line":189,"column":28}},"loc":{"start":{"line":189,"column":48},"end":{"line":197,"column":9}},"line":189},"47":{"name":"(anonymous_47)","decl":{"start":{"line":190,"column":88},"end":{"line":190,"column":89}},"loc":{"start":{"line":190,"column":106},"end":{"line":196,"column":13}},"line":190}},"branchMap":{"0":{"loc":{"start":{"line":6,"column":16},"end":{"line":10,"column":17}},"type":"if","locations":[{"start":{"line":6,"column":16},"end":{"line":10,"column":17}},{"start":{"line":8,"column":23},"end":{"line":10,"column":17}}],"line":6},"1":{"loc":{"start":{"line":19,"column":16},"end":{"line":23,"column":17}},"type":"if","locations":[{"start":{"line":19,"column":16},"end":{"line":23,"column":17}},{"start":{"line":21,"column":23},"end":{"line":23,"column":17}}],"line":19},"2":{"loc":{"start":{"line":32,"column":20},"end":{"line":37,"column":21}},"type":"if","locations":[{"start":{"line":32,"column":20},"end":{"line":37,"column":21}},{"start":{"line":34,"column":27},"end":{"line":37,"column":21}}],"line":32},"3":{"loc":{"start":{"line":46,"column":16},"end":{"line":50,"column":17}},"type":"if","locations":[{"start":{"line":46,"column":16},"end":{"line":50,"column":17}},{"start":{"line":48,"column":23},"end":{"line":50,"column":17}}],"line":46},"4":{"loc":{"start":{"line":59,"column":16},"end":{"line":63,"column":17}},"type":"if","locations":[{"start":{"line":59,"column":16},"end":{"line":63,"column":17}},{"start":{"line":61,"column":23},"end":{"line":63,"column":17}}],"line":59},"5":{"loc":{"start":{"line":71,"column":16},"end":{"line":75,"column":17}},"type":"if","locations":[{"start":{"line":71,"column":16},"end":{"line":75,"column":17}},{"start":{"line":73,"column":23},"end":{"line":75,"column":17}}],"line":71},"6":{"loc":{"start":{"line":83,"column":16},"end":{"line":87,"column":17}},"type":"if","locations":[{"start":{"line":83,"column":16},"end":{"line":87,"column":17}},{"start":{"line":85,"column":23},"end":{"line":87,"column":17}}],"line":83},"7":{"loc":{"start":{"line":95,"column":16},"end":{"line":99,"column":17}},"type":"if","locations":[{"start":{"line":95,"column":16},"end":{"line":99,"column":17}},{"start":{"line":97,"column":23},"end":{"line":99,"column":17}}],"line":95},"8":{"loc":{"start":{"line":107,"column":16},"end":{"line":111,"column":17}},"type":"if","locations":[{"start":{"line":107,"column":16},"end":{"line":111,"column":17}},{"start":{"line":109,"column":23},"end":{"line":111,"column":17}}],"line":107},"9":{"loc":{"start":{"line":119,"column":16},"end":{"line":123,"column":17}},"type":"if","locations":[{"start":{"line":119,"column":16},"end":{"line":123,"column":17}},{"start":{"line":121,"column":23},"end":{"line":123,"column":17}}],"line":119},"10":{"loc":{"start":{"line":131,"column":16},"end":{"line":135,"column":17}},"type":"if","locations":[{"start":{"line":131,"column":16},"end":{"line":135,"column":17}},{"start":{"line":133,"column":23},"end":{"line":135,"column":17}}],"line":131},"11":{"loc":{"start":{"line":143,"column":16},"end":{"line":147,"column":17}},"type":"if","locations":[{"start":{"line":143,"column":16},"end":{"line":147,"column":17}},{"start":{"line":145,"column":23},"end":{"line":147,"column":17}}],"line":143},"12":{"loc":{"start":{"line":155,"column":16},"end":{"line":159,"column":17}},"type":"if","locations":[{"start":{"line":155,"column":16},"end":{"line":159,"column":17}},{"start":{"line":157,"column":23},"end":{"line":159,"column":17}}],"line":155},"13":{"loc":{"start":{"line":167,"column":16},"end":{"line":171,"column":17}},"type":"if","locations":[{"start":{"line":167,"column":16},"end":{"line":171,"column":17}},{"start":{"line":169,"column":23},"end":{"line":171,"column":17}}],"line":167},"14":{"loc":{"start":{"line":179,"column":16},"end":{"line":183,"column":17}},"type":"if","locations":[{"start":{"line":179,"column":16},"end":{"line":183,"column":17}},{"start":{"line":181,"column":23},"end":{"line":183,"column":17}}],"line":179},"15":{"loc":{"start":{"line":191,"column":16},"end":{"line":195,"column":17}},"type":"if","locations":[{"start":{"line":191,"column":16},"end":{"line":195,"column":17}},{"start":{"line":193,"column":23},"end":{"line":195,"column":17}}],"line":191}},"s":{"0":2,"1":2,"2":1,"3":1,"4":1,"5":0,"6":1,"7":0,"8":0,"9":0,"10":0,"11":0,"12":0,"13":5,"14":5,"15":5,"16":5,"17":0,"18":5,"19":5,"20":5,"21":5,"22":5,"23":5,"24":0,"25":5,"26":0,"27":0,"28":0,"29":0,"30":0,"31":0,"32":0,"33":0,"34":0,"35":0,"36":0,"37":0,"38":0,"39":0,"40":0,"41":0,"42":0,"43":0,"44":0,"45":0,"46":0,"47":0,"48":0,"49":0,"50":0,"51":0,"52":0,"53":0,"54":0,"55":0,"56":0,"57":0,"58":0,"59":0,"60":0,"61":0,"62":0,"63":0,"64":0,"65":0,"66":0,"67":0,"68":0,"69":0,"70":0,"71":0,"72":0,"73":0,"74":0,"75":0,"76":0,"77":0,"78":0,"79":0,"80":0,"81":0,"82":0,"83":0,"84":0,"85":0},"f":{"0":1,"1":1,"2":1,"3":0,"4":0,"5":0,"6":5,"7":5,"8":5,"9":5,"10":5,"11":5,"12":0,"13":0,"14":0,"15":0,"16":0,"17":0,"18":0,"19":0,"20":0,"21":0,"22":0,"23":0,"24":0,"25":0,"26":0,"27":0,"28":0,"29":0,"30":0,"31":0,"32":0,"33":0,"34":0,"35":0,"36":0,"37":0,"38":0,"39":0,"40":0,"41":0,"42":0,"43":0,"44":0,"45":0,"46":0,"47":0},"b":{"0":[0,1],"1":[0,0],"2":[0,5],"3":[0,5],"4":[0,0],"5":[0,0],"6":[0,0],"7":[0,0],"8":[0,0],"9":[0,0],"10":[0,0],"11":[0,0],"12":[0,0],"13":[0,0],"14":[0,0],"15":[0,0]},"_coverageSchema":"1a1c01bbd47fc00a2c39e90264f33305004495a9","hash":"85a47ec4b2af4005e5825a38a90aa11a1a72d885"}
,"/home/jpontoire/Documents/UTC/GI02/SR10/website/myapp/model/organisation.js": {"path":"/home/jpontoire/Documents/UTC/GI02/SR10/website/myapp/model/organisation.js","statementMap":{"0":{"start":{"line":1,"column":9},"end":{"line":1,"column":27}},"1":{"start":{"line":2,"column":0},"end":{"line":176,"column":1}},"2":{"start":{"line":4,"column":8},"end":{"line":13,"column":10}},"3":{"start":{"line":5,"column":24},"end":{"line":5,"column":67}},"4":{"start":{"line":6,"column":12},"end":{"line":12,"column":14}},"5":{"start":{"line":7,"column":16},"end":{"line":11,"column":17}},"6":{"start":{"line":8,"column":20},"end":{"line":8,"column":32}},"7":{"start":{"line":10,"column":20},"end":{"line":10,"column":40}},"8":{"start":{"line":18,"column":8},"end":{"line":27,"column":10}},"9":{"start":{"line":19,"column":24},"end":{"line":19,"column":52}},"10":{"start":{"line":20,"column":12},"end":{"line":26,"column":14}},"11":{"start":{"line":21,"column":16},"end":{"line":25,"column":17}},"12":{"start":{"line":22,"column":20},"end":{"line":22,"column":32}},"13":{"start":{"line":24,"column":20},"end":{"line":24,"column":37}},"14":{"start":{"line":31,"column":8},"end":{"line":40,"column":10}},"15":{"start":{"line":32,"column":24},"end":{"line":32,"column":75}},"16":{"start":{"line":33,"column":12},"end":{"line":39,"column":14}},"17":{"start":{"line":34,"column":16},"end":{"line":38,"column":17}},"18":{"start":{"line":35,"column":20},"end":{"line":35,"column":32}},"19":{"start":{"line":37,"column":20},"end":{"line":37,"column":37}},"20":{"start":{"line":44,"column":8},"end":{"line":53,"column":11}},"21":{"start":{"line":45,"column":12},"end":{"line":52,"column":15}},"22":{"start":{"line":47,"column":16},"end":{"line":51,"column":17}},"23":{"start":{"line":48,"column":20},"end":{"line":48,"column":32}},"24":{"start":{"line":50,"column":20},"end":{"line":50,"column":35}},"25":{"start":{"line":57,"column":8},"end":{"line":66,"column":11}},"26":{"start":{"line":58,"column":24},"end":{"line":58,"column":66}},"27":{"start":{"line":59,"column":12},"end":{"line":65,"column":15}},"28":{"start":{"line":60,"column":16},"end":{"line":64,"column":17}},"29":{"start":{"line":61,"column":20},"end":{"line":61,"column":32}},"30":{"start":{"line":63,"col
[...]
umn":32}},"13":{"start":{"line":26,"column":20},"end":{"line":26,"column":37}},"14":{"start":{"line":35,"column":8},"end":{"line":57,"column":11}},"15":{"start":{"line":36,"column":24},"end":{"line":36,"column":74}},"16":{"start":{"line":37,"column":12},"end":{"line":56,"column":15}},"17":{"start":{"line":38,"column":16},"end":{"line":40,"column":17}},"18":{"start":{"line":39,"column":20},"end":{"line":39,"column":32}},"19":{"start":{"line":41,"column":16},"end":{"line":54,"column":17}},"20":{"start":{"line":42,"column":20},"end":{"line":51,"column":23}},"21":{"start":{"line":43,"column":24},"end":{"line":50,"column":25}},"22":{"start":{"line":44,"column":28},"end":{"line":44,"column":47}},"23":{"start":{"line":46,"column":29},"end":{"line":50,"column":25}},"24":{"start":{"line":47,"column":28},"end":{"line":47,"column":41}},"25":{"start":{"line":49,"column":28},"end":{"line":49,"column":42}},"26":{"start":{"line":53,"column":20},"end":{"line":53,"column":35}},"27":{"start":{"line":62,"column":8},"end":{"line":95,"column":10}},"28":{"start":{"line":63,"column":12},"end":{"line":94,"column":14}},"29":{"start":{"line":64,"column":16},"end":{"line":66,"column":17}},"30":{"start":{"line":65,"column":20},"end":{"line":65,"column":39}},"31":{"start":{"line":67,"column":32},"end":{"line":67,"column":55}},"32":{"start":{"line":68,"column":16},"end":{"line":93,"column":18}},"33":{"start":{"line":69,"column":20},"end":{"line":71,"column":21}},"34":{"start":{"line":70,"column":24},"end":{"line":70,"column":36}},"35":{"start":{"line":72,"column":20},"end":{"line":74,"column":21}},"36":{"start":{"line":73,"column":24},"end":{"line":73,"column":40}},"37":{"start":{"line":75,"column":20},"end":{"line":92,"column":22}},"38":{"start":{"line":76,"column":24},"end":{"line":78,"column":25}},"39":{"start":{"line":77,"column":28},"end":{"line":77,"column":40}},"40":{"start":{"line":79,"column":24},"end":{"line":81,"column":25}},"41":{"start":{"line":80,"column":28},"end":{"line":80,"column":48}},"42":{"start":{"line":82,"column":24},"end":{"line":90,"column":26}},"43":{"start":{"line":83,"column":28},"end":{"line":85,"column":29}},"44":{"start":{"line":84,"column":32},"end":{"line":84,"column":44}},"45":{"start":{"line":86,"column":28},"end":{"line":88,"column":29}},"46":{"start":{"line":87,"column":32},"end":{"line":87,"column":51}},"47":{"start":{"line":108,"column":8},"end":{"line":127,"column":11}},"48":{"start":{"line":109,"column":25},"end":{"line":109,"column":35}},"49":{"start":{"line":110,"column":32},"end":{"line":110,"column":109}},"50":{"start":{"line":112,"column":12},"end":{"line":126,"column":15}},"51":{"start":{"line":113,"column":16},"end":{"line":115,"column":17}},"52":{"start":{"line":114,"column":20},"end":{"line":114,"column":39}},"53":{"start":{"line":117,"column":16},"end":{"line":125,"column":19}},"54":{"start":{"line":119,"column":20},"end":{"line":124,"column":21}},"55":{"start":{"line":120,"column":24},"end":{"line":120,"column":36}},"56":{"start":{"line":122,"column":33},"end":{"line":122,"column":49}},"57":{"start":{"line":123,"column":24},"end":{"line":123,"column":36}},"58":{"start":{"line":133,"column":8},"end":{"line":142,"column":10}},"59":{"start":{"line":134,"column":24},"end":{"line":134,"column":71}},"60":{"start":{"line":135,"column":12},"end":{"line":141,"column":14}},"61":{"start":{"line":136,"column":16},"end":{"line":140,"column":17}},"62":{"start":{"line":137,"column":20},"end":{"line":137,"column":32}},"63":{"start":{"line":139,"column":20},"end":{"line":139,"column":34}},"64":{"start":{"line":146,"column":8},"end":{"line":155,"column":10}},"65":{"start":{"line":147,"column":24},"end":{"line":147,"column":74}},"66":{"start":{"line":148,"column":12},"end":{"line":154,"column":14}},"67":{"start":{"line":149,"column":16},"end":{"line":153,"column":17}},"68":{"start":{"line":150,"column":20},"end":{"line":150,"column":32}},"69":{"start":{"line":152,"column":20},"end":{"line":152,"column":34}},"70":{"start":{"line":159,"column":8},"end":{"line":168,"column":10}},"71":{"start":{"line":160,"column":24},"end":{"line":160,"column":75}},"72":{"start":{"line":161,"column":12},"end":{"line":167,"column":14}},"73":{"start":{"line":162,"column":16},"end":{"line":166,"column":17}},"74":{"start":{"line":163,"column":20},"end":{"line":163,"column":32}},"75":{"start":{"line":165,"column":20},"end":{"line":165,"column":34}},"76":{"start":{"line":172,"column":8},"end":{"line":181,"column":10}},"77":{"start":{"line":173,"column":24},"end":{"line":173,"column":75}},"78":{"start":{"line":174,"column":12},"end":{"line":180,"column":14}},"79":{"start":{"line":175,"column":16},"end":{"line":179,"column":17}},"80":{"start":{"line":176,"column":20},"end":{"line":176,"column":32}},"81":{"start":{"line":178,"column":20},"end":{"line":178,"column":34}},"82":{"start":{"line":186,"column":8},"end":{"line":195,"column":11}},"83":{"start":{"line":187,"column":24},"end":{"line":187,"column":65}},"84":{"start":{"line":188,"column":12},"end":{"line":194,"column":15}},"85":{"start":{"line":189,"column":16},"end":{"line":193,"column":17}},"86":{"start":{"line":190,"column":20},"end":{"line":190,"column":32}},"87":{"start":{"line":192,"column":20},"end":{"line":192,"column":36}},"88":{"start":{"line":199,"column":8},"end":{"line":208,"column":11}},"89":{"start":{"line":200,"column":24},"end":{"line":200,"column":75}},"90":{"start":{"line":201,"column":12},"end":{"line":207,"column":15}},"91":{"start":{"line":202,"column":16},"end":{"line":206,"column":17}},"92":{"start":{"line":203,"column":20},"end":{"line":203,"column":32}},"93":{"start":{"line":205,"column":20},"end":{"line":205,"column":37}},"94":{"start":{"line":212,"column":8},"end":{"line":221,"column":11}},"95":{"start":{"line":213,"column":24},"end":{"line":213,"column":86}},"96":{"start":{"line":214,"column":12},"end":{"line":220,"column":15}},"97":{"start":{"line":215,"column":16},"end":{"line":219,"column":17}},"98":{"start":{"line":216,"column":20},"end":{"line":216,"column":32}},"99":{"start":{"line":218,"column":20},"end":{"line":218,"column":37}}},"fnMap":{"0":{"name":"(anonymous_0)","decl":{"start":{"line":5,"column":10},"end":{"line":5,"column":11}},"loc":{"start":{"line":5,"column":27},"end":{"line":15,"column":5}},"line":5},"1":{"name":"(anonymous_1)","decl":{"start":{"line":6,"column":27},"end":{"line":6,"column":28}},"loc":{"start":{"line":6,"column":48},"end":{"line":14,"column":9}},"line":6},"2":{"name":"(anonymous_2)","decl":{"start":{"line":7,"column":73},"end":{"line":7,"column":74}},"loc":{"start":{"line":7,"column":91},"end":{"line":13,"column":13}},"line":7},"3":{"name":"(anonymous_3)","decl":{"start":{"line":19,"column":13},"end":{"line":19,"column":14}},"loc":{"start":{"line":19,"column":25},"end":{"line":30,"column":5}},"line":19},"4":{"name":"(anonymous_4)","decl":{"start":{"line":20,"column":27},"end":{"line":20,"column":28}},"loc":{"start":{"line":20,"column":48},"end":{"line":29,"column":9}},"line":20},"5":{"name":"(anonymous_5)","decl":{"start":{"line":22,"column":26},"end":{"line":22,"column":27}},"loc":{"start":{"line":22,"column":44},"end":{"line":28,"column":13}},"line":22},"6":{"name":"(anonymous_6)","decl":{"start":{"line":34,"column":14},"end":{"line":34,"column":15}},"loc":{"start":{"line":34,"column":41},"end":{"line":58,"column":5}},"line":34},"7":{"name":"(anonymous_7)","decl":{"start":{"line":35,"column":27},"end":{"line":35,"column":28}},"loc":{"start":{"line":35,"column":48},"end":{"line":57,"column":9}},"line":35},"8":{"name":"(anonymous_8)","decl":{"start":{"line":37,"column":33},"end":{"line":37,"column":34}},"loc":{"start":{"line":37,"column":51},"end":{"line":56,"column":13}},"line":37},"9":{"name":"(anonymous_9)","decl":{"start":{"line":42,"column":69},"end":{"line":42,"column":70}},"loc":{"start":{"line":42,"column":86},"end":{"line":51,"column":21}},"line":42},"10":{"name":"(anonymous_10)","decl":{"start":{"line":61,"column":15},"end":{"line":61,"column":16}},"loc":{"start":{"line":61,"column":32},"end":{"line":96,"column":5}},"line":61},"11":{"name":"(anonymous_11)","decl":{"start":{"line":62,"column":27},"end":{"line":62,"column":28}},"loc":{"start":{"line":62,"column":48},"end":{"line":95,"column":9}},"line":62},"12":{"name":"(anonymous_12)","decl":{"start":{"line":63,"column":87},"end":{"line":63,"column":88}},"loc":{"start":{"line":63,"column":100},"end":{"line":94,"column":13}},"line":63},"13":{"name":"(anonymous_13)","decl":{"start":{"line":68,"column":94},"end":{"line":68,"column":95}},"loc":{"start":{"line":68,"column":113},"end":{"line":93,"column":17}},"line":68},"14":{"name":"(anonymous_14)","decl":{"start":{"line":75,"column":88},"end":{"line":75,"column":89}},"loc":{"start":{"line":75,"column":106},"end":{"line":92,"column":21}},"line":75},"15":{"name":"(anonymous_15)","decl":{"start":{"line":82,"column":90},"end":{"line":82,"column":91}},"loc":{"start":{"line":82,"column":112},"end":{"line":90,"column":25}},"line":82},"16":{"name":"(anonymous_16)","decl":{"start":{"line":107,"column":12},"end":{"line":107,"column":13}},"loc":{"start":{"line":107,"column":61},"end":{"line":128,"column":5}},"line":107},"17":{"name":"(anonymous_17)","decl":{"start":{"line":108,"column":27},"end":{"line":108,"column":28}},"loc":{"start":{"line":108,"column":48},"end":{"line":127,"column":9}},"line":108},"18":{"name":"(anonymous_18)","decl":{"start":{"line":112,"column":38},"end":{"line":112,"column":39}},"loc":{"start":{"line":112,"column":53},"end":{"line":126,"column":13}},"line":112},"19":{"name":"(anonymous_19)","decl":{"start":{"line":118,"column":123},"end":{"line":118,"column":124}},"loc":{"start":{"line":118,"column":141},"end":{"line":125,"column":17}},"line":118},"20":{"name":"(anonymous_20)","decl":{"start":{"line":132,"column":16},"end":{"line":132,"column":17}},"loc":{"start":{"line":132,"column":42},"end":{"line":143,"column":5}},"line":132},"21":{"name":"(anonymous_21)","decl":{"start":{"line":133,"column":27},"end":{"line":133,"column":28}},"loc":{"start":{"line":133,"column":48},"end":{"line":142,"column":9}},"line":133},"22":{"name":"(anonymous_22)","decl":{"start":{"line":135,"column":44},"end":{"line":135,"column":45}},"loc":{"start":{"line":135,"column":61},"end":{"line":141,"column":13}},"line":135},"23":{"name":"(anonymous_23)","decl":{"start":{"line":145,"column":19},"end":{"line":145,"column":20}},"loc":{"start":{"line":145,"column":48},"end":{"line":156,"column":5}},"line":145},"24":{"name":"(anonymous_24)","decl":{"start":{"line":146,"column":27},"end":{"line":146,"column":28}},"loc":{"start":{"line":146,"column":48},"end":{"line":155,"column":9}},"line":146},"25":{"name":"(anonymous_25)","decl":{"start":{"line":148,"column":47},"end":{"line":148,"column":48}},"loc":{"start":{"line":148,"column":64},"end":{"line":154,"column":13}},"line":148},"26":{"name":"(anonymous_26)","decl":{"start":{"line":158,"column":16},"end":{"line":158,"column":17}},"loc":{"start":{"line":158,"column":42},"end":{"line":169,"column":5}},"line":158},"27":{"name":"(anonymous_27)","decl":{"start":{"line":159,"column":27},"end":{"line":159,"column":28}},"loc":{"start":{"line":159,"column":48},"end":{"line":168,"column":9}},"line":159},"28":{"name":"(anonymous_28)","decl":{"start":{"line":161,"column":44},"end":{"line":161,"column":45}},"loc":{"start":{"line":161,"column":61},"end":{"line":167,"column":13}},"line":161},"29":{"name":"(anonymous_29)","decl":{"start":{"line":171,"column":13},"end":{"line":171,"column":14}},"loc":{"start":{"line":171,"column":30},"end":{"line":182,"column":5}},"line":171},"30":{"name":"(anonymous_30)","decl":{"start":{"line":172,"column":27},"end":{"line":172,"column":28}},"loc":{"start":{"line":172,"column":48},"end":{"line":181,"column":9}},"line":172},"31":{"name":"(anonymous_31)","decl":{"start":{"line":174,"column":33},"end":{"line":174,"column":34}},"loc":{"start":{"line":174,"column":50},"end":{"line":180,"column":13}},"line":174},"32":{"name":"(anonymous_32)","decl":{"start":{"line":185,"column":17},"end":{"line":185,"column":18}},"loc":{"start":{"line":185,"column":34},"end":{"line":196,"column":5}},"line":185},"33":{"name":"(anonymous_33)","decl":{"start":{"line":186,"column":27},"end":{"line":186,"column":28}},"loc":{"start":{"line":186,"column":48},"end":{"line":195,"column":9}},"line":186},"34":{"name":"(anonymous_34)","decl":{"start":{"line":188,"column":33},"end":{"line":188,"column":34}},"loc":{"start":{"line":188,"column":50},"end":{"line":194,"column":13}},"line":188},"35":{"name":"(anonymous_35)","decl":{"start":{"line":198,"column":13},"end":{"line":198,"column":14}},"loc":{"start":{"line":198,"column":27},"end":{"line":209,"column":5}},"line":198},"36":{"name":"(anonymous_36)","decl":{"start":{"line":199,"column":27},"end":{"line":199,"column":28}},"loc":{"start":{"line":199,"column":48},"end":{"line":208,"column":9}},"line":199},"37":{"name":"(anonymous_37)","decl":{"start":{"line":201,"column":30},"end":{"line":201,"column":31}},"loc":{"start":{"line":201,"column":48},"end":{"line":207,"column":13}},"line":201},"38":{"name":"(anonymous_38)","decl":{"start":{"line":211,"column":14},"end":{"line":211,"column":15}},"loc":{"start":{"line":211,"column":31},"end":{"line":222,"column":5}},"line":211},"39":{"name":"(anonymous_39)","decl":{"start":{"line":212,"column":27},"end":{"line":212,"column":28}},"loc":{"start":{"line":212,"column":48},"end":{"line":221,"column":9}},"line":212},"40":{"name":"(anonymous_40)","decl":{"start":{"line":214,"column":33},"end":{"line":214,"column":34}},"loc":{"start":{"line":214,"column":51},"end":{"line":220,"column":13}},"line":214}},"branchMap":{"0":{"loc":{"start":{"line":8,"column":16},"end":{"line":12,"column":17}},"type":"if","locations":[{"start":{"line":8,"column":16},"end":{"line":12,"column":17}},{"start":{"line":10,"column":23},"end":{"line":12,"column":17}}],"line":8},"1":{"loc":{"start":{"line":23,"column":16},"end":{"line":27,"column":17}},"type":"if","locations":[{"start":{"line":23,"column":16},"end":{"line":27,"column":17}},{"start":{"line":25,"column":23},"end":{"line":27,"column":17}}],"line":23},"2":{"loc":{"start":{"line":38,"column":16},"end":{"line":40,"column":17}},"type":"if","locations":[{"start":{"line":38,"column":16},"end":{"line":40,"column":17}},{"start":{},"end":{}}],"line":38},"3":{"loc":{"start":{"line":41,"column":16},"end":{"line":54,"column":17}},"type":"if","locations":[{"start":{"line":41,"column":16},"end":{"line":54,"column":17}},{"start":{"line":52,"column":23},"end":{"line":54,"column":17}}],"line":41},"4":{"loc":{"start":{"line":43,"column":24},"end":{"line":50,"column":25}},"type":"if","locations":[{"start":{"line":43,"column":24},"end":{"line":50,"column":25}},{"start":{"line":46,"column":29},"end":{"line":50,"column":25}}],"line":43},"5":{"loc":{"start":{"line":46,"column":29},"end":{"line":50,"column":25}},"type":"if","locations":[{"start":{"line":46,"column":29},"end":{"line":50,"column":25}},{"start":{"line":48,"column":31},"end":{"line":50,"column":25}}],"line":46},"6":{"loc":{"start":{"line":64,"column":16},"end":{"line":66,"column":17}},"type":"if","locations":[{"start":{"line":64,"column":16},"end":{"line":66,"column":17}},{"start":{},"end":{}}],"line":64},"7":{"loc":{"start":{"line":69,"column":20},"end":{"line":71,"column":21}},"type":"if","locations":[{"start":{"line":69,"column":20},"end":{"line":71,"column":21}},{"start":{},"end":{}}],"line":69},"8":{"loc":{"start":{"line":72,"column":20},"end":{"line":74,"column":21}},"type":"if","locations":[{"start":{"line":72,"column":20},"end":{"line":74,"column":21}},{"start":{},"end":{}}],"line":72},"9":{"loc":{"start":{"line":76,"column":24},"end":{"line":78,"column":25}},"type":"if","locations":[{"start":{"line":76,"column":24},"end":{"line":78,"column":25}},{"start":{},"end":{}}],"line":76},"10":{"loc":{"start":{"line":79,"column":24},"end":{"line":81,"column":25}},"type":"if","locations":[{"start":{"line":79,"column":24},"end":{"line":81,"column":25}},{"start":{},"end":{}}],"line":79},"11":{"loc":{"start":{"line":83,"column":28},"end":{"line":85,"column":29}},"type":"if","locations":[{"start":{"line":83,"column":28},"end":{"line":85,"column":29}},{"start":{},"end":{}}],"line":83},"12":{"loc":{"start":{"line":86,"column":28},"end":{"line":88,"column":29}},"type":"if","locations":[{"start":{"line":86,"column":28},"end":{"line":88,"column":29}},{"start":{},"end":{}}],"line":86},"13":{"loc":{"start":{"line":113,"column":16},"end":{"line":115,"column":17}},"type":"if","locations":[{"start":{"line":113,"column":16},"end":{"line":115,"column":17}},{"start":{},"end":{}}],"line":113},"14":{"loc":{"start":{"line":119,"column":20},"end":{"line":124,"column":21}},"type":"if","locations":[{"start":{"line":119,"column":20},"end":{"line":124,"column":21}},{"start":{"line":121,"column":27},"end":{"line":124,"column":21}}],"line":119},"15":{"loc":{"start":{"line":136,"column":16},"end":{"line":140,"column":17}},"type":"if","locations":[{"start":{"line":136,"column":16},"end":{"line":140,"column":17}},{"start":{"line":138,"column":23},"end":{"line":140,"column":17}}],"line":136},"16":{"loc":{"start":{"line":149,"column":16},"end":{"line":153,"column":17}},"type":"if","locations":[{"start":{"line":149,"column":16},"end":{"line":153,"column":17}},{"start":{"line":151,"column":23},"end":{"line":153,"column":17}}],"line":149},"17":{"loc":{"start":{"line":162,"column":16},"end":{"line":166,"column":17}},"type":"if","locations":[{"start":{"line":162,"column":16},"end":{"line":166,"column":17}},{"start":{"line":164,"column":23},"end":{"line":166,"column":17}}],"line":162},"18":{"loc":{"start":{"line":175,"column":16},"end":{"line":179,"column":17}},"type":"if","locations":[{"start":{"line":175,"column":16},"end":{"line":179,"column":17}},{"start":{"line":177,"column":23},"end":{"line":179,"column":17}}],"line":175},"19":{"loc":{"start":{"line":189,"column":16},"end":{"line":193,"column":17}},"type":"if","locations":[{"start":{"line":189,"column":16},"end":{"line":193,"column":17}},{"start":{"line":191,"column":23},"end":{"line":193,"column":17}}],"line":189},"20":{"loc":{"start":{"line":202,"column":16},"end":{"line":206,"column":17}},"type":"if","locations":[{"start":{"line":202,"column":16},"end":{"line":206,"column":17}},{"start":{"line":204,"column":23},"end":{"line":206,"column":17}}],"line":202},"21":{"loc":{"start":{"line":215,"column":16},"end":{"line":219,"column":17}},"type":"if","locations":[{"start":{"line":215,"column":16},"end":{"line":219,"column":17}},{"start":{"line":217,"column":23},"end":{"line":219,"column":17}}],"line":215}},"s":{"0":7,"1":7,"2":7,"3":1,"4":1,"5":1,"6":0,"7":1,"8":1,"9":1,"10":1,"11":1,"12":0,"13":1,"14":1,"15":1,"16":1,"17":1,"18":0,"19":1,"20":1,"21":1,"22":0,"23":1,"24":1,"25":0,"26":0,"27":1,"28":1,"29":1,"30":0,"31":1,"32":1,"33":1,"34":0,"35":1,"36":0,"37":1,"38":1,"39":0,"40":1,"41":0,"42":1,"43":1,"44":0,"45":1,"46":1,"47":21,"48":21,"49":21,"50":21,"51":21,"52":0,"53":21,"54":21,"55":0,"56":21,"57":21,"58":1,"59":1,"60":1,"61":1,"62":0,"63":1,"64":1,"65":1,"66":1,"67":1,"68":0,"69":1,"70":1,"71":1,"72":1,"73":1,"74":0,"75":1,"76":1,"77":1,"78":1,"79":1,"80":0,"81":1,"82":21,"83":21,"84":21,"85":21,"86":0,"87":21,"88":1,"89":1,"90":1,"91":1,"92":0,"93":1,"94":1,"95":1,"96":1,"97":1,"98":0,"99":1},"f":{"0":1,"1":1,"2":1,"3":1,"4":1,"5":1,"6":1,"7":1,"8":1,"9":1,"10":1,"11":1,"12":1,"13":1,"14":1,"15":1,"16":21,"17":21,"18":21,"19":21,"20":1,"21":1,"22":1,"23":1,"24":1,"25":1,"26":1,"27":1,"28":1,"29":1,"30":1,"31":1,"32":21,"33":21,"34":21,"35":1,"36":1,"37":1,"38":1,"39":1,"40":1},"b":{"0":[0,1],"1":[0,1],"2":[0,1],"3":[1,0],"4":[0,1],"5":[1,0],"6":[0,1],"7":[0,1],"8":[0,1],"9":[0,1],"10":[0,1],"11":[0,1],"12":[1,0],"13":[0,21],"14":[0,21],"15":[0,1],"16":[0,1],"17":[0,1],"18":[0,1],"19":[0,21],"20":[0,1],"21":[0,1]},"_coverageSchema":"1a1c01bbd47fc00a2c39e90264f33305004495a9","hash":"d3ad7667c473e678aa98907b5978dd4fa775a225"}
}
