TN:
SF:model/admin.js
FN:5,(anonymous_0)
FN:6,(anonymous_1)
FN:7,(anonymous_2)
FN:18,(anonymous_3)
FN:19,(anonymous_4)
FN:20,(anonymous_5)
FN:30,(anonymous_6)
FN:31,(anonymous_7)
FN:33,(anonymous_8)
FN:43,(anonymous_9)
FN:44,(anonymous_10)
FN:46,(anonymous_11)
FN:56,(anonymous_12)
FN:57,(anonymous_13)
FN:59,(anonymous_14)
FNF:15
FNH:12
FNDA:1,(anonymous_0)
FNDA:1,(anonymous_1)
FNDA:1,(anonymous_2)
FNDA:1,(anonymous_3)
FNDA:1,(anonymous_4)
FNDA:1,(anonymous_5)
FNDA:0,(anonymous_6)
FNDA:0,(anonymous_7)
FNDA:0,(anonymous_8)
FNDA:2,(anonymous_9)
FNDA:2,(anonymous_10)
FNDA:2,(anonymous_11)
FNDA:2,(anonymous_12)
FNDA:2,(anonymous_13)
FNDA:2,(anonymous_14)
DA:1,1
DA:2,1
DA:4,1
DA:6,1
DA:7,1
DA:8,1
DA:9,0
DA:11,1
DA:19,1
DA:20,1
DA:21,1
DA:22,0
DA:24,1
DA:31,0
DA:32,0
DA:33,0
DA:34,0
DA:35,0
DA:37,0
DA:44,2
DA:45,2
DA:46,2
DA:47,2
DA:48,0
DA:50,2
DA:57,2
DA:58,2
DA:59,2
DA:60,2
DA:61,0
DA:63,2
LF:31
LH:21
BRDA:8,0,0,0
BRDA:8,0,1,1
BRDA:21,1,0,0
BRDA:21,1,1,1
BRDA:34,2,0,0
BRDA:34,2,1,0
BRDA:47,3,0,0
BRDA:47,3,1,2
BRDA:60,4,0,0
BRDA:60,4,1,2
BRF:10
BRH:4
end_of_record
TN:
SF:model/adresse.js
FN:3,(anonymous_0)
FN:4,(anonymous_1)
FN:6,(anonymous_2)
FN:16,(anonymous_3)
FN:17,(anonymous_4)
FN:19,(anonymous_5)
FN:30,(anonymous_6)
FN:31,(anonymous_7)
FN:32,(anonymous_8)
FN:41,(anonymous_9)
FN:54,(anonymous_10)
FN:55,(anonymous_11)
FN:57,(anonymous_12)
FN:67,(anonymous_13)
FN:68,(anonymous_14)
FN:70,(anonymous_15)
FN:80,(anonymous_16)
FN:81,(anonymous_17)
FN:83,(anonymous_18)
FN:93,(anonymous_19)
FN:94,(anonymous_20)
FN:96,(anonymous_21)
FN:106,(anonymous_22)
FN:107,(anonymous_23)
FN:109,(anonymous_24)
FNF:25
FNH:25
FNDA:5,(anonymous_0)
FNDA:5,(anonymous_1)
FNDA:5,(anonymous_2)
FNDA:1,(anonymous_3)
FNDA:1,(anonymous_4)
FNDA:1,(anonymous_5)
FNDA:21,(anonymous_6)
FNDA:21,(anonymous_7)
FNDA:21,(anonymous_8)
FNDA:20,(anonymous_9)
FNDA:20,(anonymous_10)
FNDA:20,(anonymous_11)
FNDA:20,(anonymous_12)
FNDA:1,(anonymous_13)
FNDA:1,(anonymous_14)
FNDA:1,(anonymous_15)
FNDA:1,(anonymous_16)
FNDA:1,(anonymous_17)
FNDA:1,(anonymous_18)
FNDA:1,(anonymous_19)
FNDA:1,(anonymous_20)
FNDA:1,(anonymous_21)
FNDA:1,(anonymous_22)
FNDA:1,(anonymous_23)
FNDA:1,(anonymous_24)
DA:1,5
DA:2,5
DA:4,5
DA:5,5
DA:6,5
DA:7,5
DA:8,0
DA:10,5
DA:17,1
DA:18,1
DA:19,1
DA:20,1
DA:21,0
DA:23,1
DA:31,21
DA:32,21
DA:33,21
DA:34,0
DA:36,21
DA:37,1
DA:40,20
DA:42,20
DA:43,0
DA:45,20
DA:46,20
DA:55,20
DA:56,20
DA:57,20
DA:58,20
DA:59,0
DA:61,20
DA:68,1
DA:69,1
DA:70,1
DA:71,1
DA:72,0
DA:74,1
DA:81,1
DA:82,1
DA:83,1
DA:84,1
DA:85,0
DA:87,1
DA:94,1
DA:95,1
DA:96,1
DA:97,1
DA:98,0
DA:100,1
DA:107,1
DA:108,1
DA:109,1
DA:110,1
DA:111,0
DA:113,1
LF:55
LH:46
BRDA:7,0,0,0
BRDA:7,0,1,5
BRDA:20,1,0,0
BRDA:20,1,1,1
BRDA:33,2,0,0
BRDA:33,2,1,21
BRDA:36,3,0,1
BRDA:36,3,1,20
BRDA:42,4,0,0
BRDA:42,4,1,20
BRDA:58,5,0,0
BRDA:58,5,1,20
BRDA:71,6,0,0
BRDA:71,6,1,1
BRDA:84,7,0,0
BRDA:84,7,1,1
BRDA:97,8,0,0
BRDA:97,8,1,1
BRDA:110,9,0,0
BRDA:110,9,1,1
BRF:20
BRH:11
end_of_record
TN:
SF:model/candidat.js
FN:5,(anonymous_0)
FN:6,(anonymous_1)
FN:7,(anonymous_2)
FN:17,(anonymous_3)
FN:18,(anonymous_4)
FN:19,(anonymous_5)
FN:29,(anonymous_6)
FN:30,(anonymous_7)
FN:32,(anonymous_8)
FN:45,(anonymous_9)
FN:46,(anonymous_10)
FN:47,(anonymous_11)
FN:58,(anonymous_12)
FN:59,(anonymous_13)
FN:61,(anonymous_14)
FNF:15
FNH:9
FNDA:1,(anonymous_0)
FNDA:1,(anonymous_1)
FNDA:1,(anonymous_2)
FNDA:0,(anonymous_3)
FNDA:0,(anonymous_4)
FNDA:0,(anonymous_5)
FNDA:0,(anonymous_6)
FNDA:0,(anonymous_7)
FNDA:0,(anonymous_8)
FNDA:5,(anonymous_9)
FNDA:5,(anonymous_10)
FNDA:5,(anonymous_11)
FNDA:5,(anonymous_12)
FNDA:5,(anonymous_13)
FNDA:5,(anonymous_14)
DA:1,2
DA:2,2
DA:4,2
DA:6,1
DA:7,1
DA:8,1
DA:9,0
DA:11,1
DA:18,0
DA:19,0
DA:20,0
DA:21,0
DA:23,0
DA:30,0
DA:31,0
DA:32,0
DA:33,0
DA:34,0
DA:36,0
DA:46,5
DA:47,5
DA:48,5
DA:49,0
DA:51,5
DA:59,5
DA:60,5
DA:61,5
DA:62,5
DA:63,0
DA:65,5
LF:30
LH:16
BRDA:8,0,0,0
BRDA:8,0,1,1
BRDA:20,1,0,0
BRDA:20,1,1,0
BRDA:33,2,0,0
BRDA:33,2,1,0
BRDA:48,3,0,0
BRDA:48,3,1,5
BRDA:62,4,0,0
BRDA:62,4,1,5
BRF:10
BRH:3
end_of_record
TN:
SF:model/candidature.js
FN:3,(anonymous_0)
FN:4,(anonymous_1)
FN:5,(anonymous_2)
FN:15,(anonymous_3)
FN:16,(anonymous_4)
FN:18,(anonymous_5)
FN:28,(anonymous_6)
FN:29,(anonymous_7)
FN:30,(anonymous_8)
FN:40,(anonymous_9)
FN:41,(anonymous_10)
FN:42,(anonymous_11)
FN:52,(anonymous_12)
FN:53,(anonymous_13)
FN:54,(anonymous_14)
FN:64,(anonymous_15)
FN:65,(anonymous_16)
FN:66,(anonymous_17)
FN:76,(anonymous_18)
FN:77,(anonymous_19)
FN:78,(anonymous_20)
FN:88,(anonymous_21)
FN:89,(anonymous_22)
FN:90,(anonymous_23)
FN:96,(anonymous_24)
FN:106,(anonymous_25)
FN:107,(anonymous_26)
FN:108,(anonymous_27)
FN:120,(anonymous_28)
FN:121,(anonymous_29)
FN:124,(anonymous_30)
FN:135,(anonymous_31)
FN:136,(anonymous_32)
FN:138,(anonymous_33)
FNF:34
FNH:13
FNDA:1,(anonymous_0)
FNDA:1,(anonymous_1)
FNDA:1,(anonymous_2)
FNDA:0,(anonymous_3)
FNDA:0,(anonymous_4)
FNDA:0,(anonymous_5)
FNDA:0,(anonymous_6)
FNDA:0,(anonymous_7)
FNDA:0,(anonymous_8)
FNDA:0,(anonymous_9)
FNDA:0,(anonymous_10)
FNDA:0,(anonymous_11)
FNDA:0,(anonymous_12)
FNDA:0,(anonymous_13)
FNDA:0,(anonymous_14)
FNDA:0,(anonymous_15)
FNDA:0,(anonymous_16)
FNDA:0,(anonymous_17)
FNDA:0,(anonymous_18)
FNDA:0,(anonymous_19)
FNDA:0,(anonymous_20)
FNDA:1,(anonymous_21)
FNDA:1,(anonymous_22)
FNDA:1,(anonymous_23)
FNDA:1,(anonymous_24)
FNDA:0,(anonymous_25)
FNDA:0,(anonymous_26)
FNDA:0,(anonymous_27)
FNDA:8,(anonymous_28)
FNDA:8,(anonymous_29)
FNDA:8,(anonymous_30)
FNDA:8,(anonymous_31)
FNDA:8,(anonymous_32)
FNDA:8,(anonymous_33)
DA:1,2
DA:2,2
DA:4,1
DA:5,1
DA:6,1
DA:7,0
DA:9,1
DA:16,0
DA:17,0
DA:18,0
DA:19,0
DA:20,0
DA:22,0
DA:29,0
DA:30,0
DA:31,0
DA:32,0
DA:34,0
DA:41,0
DA:42,0
DA:43,0
DA:44,0
DA:46,0
DA:53,0
DA:54,0
DA:55,0
DA:56,0
DA:58,0
DA:65,0
DA:66,0
DA:67,0
DA:68,0
DA:70,0
DA:77,0
DA:78,0
DA:79,0
DA:80,0
DA:82,0
DA:89,1
DA:90,1
DA:91,1
DA:92,0
DA:94,1
DA:95,1
DA:96,1
DA:97,1
DA:99,0
DA:107,0
DA:108,0
DA:109,0
DA:110,0
DA:112,0
DA:121,8
DA:122,8
DA:123,8
DA:125,8
DA:126,0
DA:128,8
DA:129,8
DA:136,8
DA:137,8
DA:138,8
DA:139,8
DA:140,0
DA:142,8
LF:65
LH:24
BRDA:6,0,0,0
BRDA:6,0,1,1
BRDA:19,1,0,0
BRDA:19,1,1,0
BRDA:31,2,0,0
BRDA:31,2,1,0
BRDA:43,3,0,0
BRDA:43,3,1,0
BRDA:55,4,0,0
BRDA:55,4,1,0
BRDA:67,5,0,0
BRDA:67,5,1,0
BRDA:79,6,0,0
BRDA:79,6,1,0
BRDA:91,7,0,0
BRDA:91,7,1,1
BRDA:94,8,0,1
BRDA:94,8,1,0
BRDA:109,9,0,0
BRDA:109,9,1,0
BRDA:125,10,0,0
BRDA:125,10,1,8
BRDA:139,11,0,0
BRDA:139,11,1,8
BRF:24
BRH:5
end_of_record
TN:
SF:model/db.js
FNF:0
FNH:0
DA:1,13
DA:3,13
DA:10,13
LF:3
LH:3
BRF:0
BRH:0
end_of_record
TN:
SF:model/fiche_poste.js
FN:3,(anonymous_0)
FN:4,(anonymous_1)
FN:5,(anonymous_2)
FN:15,(anonymous_3)
FN:16,(anonymous_4)
FN:18,(anonymous_5)
FN:28,(anonymous_6)
FN:29,(anonymous_7)
FN:30,(anonymous_8)
FN:40,(anonymous_9)
FN:41,(anonymous_10)
FN:44,(anonymous_11)
FN:55,(anonymous_12)
FN:56,(anonymous_13)
FN:58,(anonymous_14)
FN:68,(anonymous_15)
FN:69,(anonymous_16)
FN:71,(anonymous_17)
FN:81,(anonymous_18)
FN:82,(anonymous_19)
FN:84,(anonymous_20)
FN:94,(anonymous_21)
FN:95,(anonymous_22)
FN:97,(anonymous_23)
FN:107,(anonymous_24)
FN:108,(anonymous_25)
FN:110,(anonymous_26)
FN:120,(anonymous_27)
FN:121,(anonymous_28)
FN:123,(anonymous_29)
FN:133,(anonymous_30)
FN:134,(anonymous_31)
FN:136,(anonymous_32)
FN:146,(anonymous_33)
FN:147,(anonymous_34)
FN:149,(anonymous_35)
FN:159,(anonymous_36)
FN:160,(anonymous_37)
FN:162,(anonymous_38)
FN:172,(anonymous_39)
FN:173,(anonymous_40)
FN:175,(anonymous_41)
FN:185,(anonymous_42)
FN:186,(anonymous_43)
FN:188,(anonymous_44)
FN:198,(anonymous_45)
FN:199,(anonymous_46)
FN:201,(anonymous_47)
FNF:48
FNH:9
FNDA:1,(anonymous_0)
FNDA:1,(anonymous_1)
FNDA:1,(anonymous_2)
FNDA:0,(anonymous_3)
FNDA:0,(anonymous_4)
FNDA:0,(anonymous_5)
FNDA:0,(anonymous_6)
FNDA:0,(anonymous_7)
FNDA:0,(anonymous_8)
FNDA:7,(anonymous_9)
FNDA:7,(anonymous_10)
FNDA:7,(anonymous_11)
FNDA:7,(anonymous_12)
FNDA:7,(anonymous_13)
FNDA:7,(anonymous_14)
FNDA:0,(anonymous_15)
FNDA:0,(anonymous_16)
FNDA:0,(anonymous_17)
FNDA:0,(anonymous_18)
FNDA:0,(anonymous_19)
FNDA:0,(anonymous_20)
FNDA:0,(anonymous_21)
FNDA:0,(anonymous_22)
FNDA:0,(anonymous_23)
FNDA:0,(anonymous_24)
FNDA:0,(anonymous_25)
FNDA:0,(anonymous_26)
FNDA:0,(anonymous_27)
FNDA:0,(anonymous_28)
FNDA:0,(anonymous_29)
FNDA:0,(anonymous_30)
FNDA:0,(anonymous_31)
FNDA:0,(anonymous_32)
FNDA:0,(anonymous_33)
FNDA:0,(anonymous_34)
FNDA:0,(anonymous_35)
FNDA:0,(anonymous_36)
FNDA:0,(anonymous_37)
FNDA:0,(anonymous_38)
FNDA:0,(anonymous_39)
FNDA:0,(anonymous_40)
FNDA:0,(anonymous_41)
FNDA:0,(anonymous_42)
FNDA:0,(anonymous_43)
FNDA:0,(anonymous_44)
FNDA:0,(anonymous_45)
FNDA:0,(anonymous_46)
FNDA:0,(anonymous_47)
DA:1,3
DA:2,3
DA:4,1
DA:5,1
DA:6,1
DA:7,0
DA:9,1
DA:16,0
DA:17,0
DA:18,0
DA:19,0
DA:20,0
DA:22,0
DA:29,0
DA:30,0
DA:31,0
DA:32,0
DA:34,0
DA:41,7
DA:42,7
DA:44,7
DA:45,7
DA:46,0
DA:48,7
DA:49,7
DA:56,7
DA:57,7
DA:58,7
DA:59,7
DA:60,0
DA:62,7
DA:69,0
DA:70,0
DA:71,0
DA:72,0
DA:73,0
DA:75,0
DA:82,0
DA:83,0
DA:84,0
DA:85,0
DA:86,0
DA:88,0
DA:95,0
DA:96,0
DA:97,0
DA:98,0
DA:99,0
DA:101,0
DA:108,0
DA:109,0
DA:110,0
DA:111,0
DA:112,0
DA:114,0
DA:121,0
DA:122,0
DA:123,0
DA:124,0
DA:125,0
DA:127,0
DA:134,0
DA:135,0
DA:136,0
DA:137,0
DA:138,0
DA:140,0
DA:147,0
DA:148,0
DA:149,0
DA:150,0
DA:151,0
DA:153,0
DA:160,0
DA:161,0
DA:162,0
DA:163,0
DA:164,0
DA:166,0
DA:173,0
DA:174,0
DA:175,0
DA:176,0
DA:177,0
DA:179,0
DA:186,0
DA:187,0
DA:188,0
DA:189,0
DA:190,0
DA:192,0
DA:199,0
DA:200,0
DA:201,0
DA:202,0
DA:203,0
DA:205,0
LF:97
LH:17
BRDA:6,0,0,0
BRDA:6,0,1,1
BRDA:19,1,0,0
BRDA:19,1,1,0
BRDA:31,2,0,0
BRDA:31,2,1,0
BRDA:45,3,0,0
BRDA:45,3,1,7
BRDA:59,4,0,0
BRDA:59,4,1,7
BRDA:72,5,0,0
BRDA:72,5,1,0
BRDA:85,6,0,0
BRDA:85,6,1,0
BRDA:98,7,0,0
BRDA:98,7,1,0
BRDA:111,8,0,0
BRDA:111,8,1,0
BRDA:124,9,0,0
BRDA:124,9,1,0
BRDA:137,10,0,0
BRDA:137,10,1,0
BRDA:150,11,0,0
BRDA:150,11,1,0
BRDA:163,12,0,0
BRDA:163,12,1,0
BRDA:176,13,0,0
BRDA:176,13,1,0
BRDA:189,14,0,0
BRDA:189,14,1,0
BRDA:202,15,0,0
BRDA:202,15,1,0
BRF:32
BRH:3
end_of_record
TN:
SF:model/offre_emploi.js
FN:3,(anonymous_0)
FN:4,(anonymous_1)
FN:5,(anonymous_2)
FN:15,(anonymous_3)
FN:16,(anonymous_4)
FN:17,(anonymous_5)
FN:27,(anonymous_6)
FN:28,(anonymous_7)
FN:30,(anonymous_8)
FN:40,(anonymous_9)
FN:41,(anonymous_10)
FN:42,(anonymous_11)
FN:48,(anonymous_12)
FN:58,(anonymous_13)
FN:59,(anonymous_14)
FN:61,(anonymous_15)
FN:72,(anonymous_16)
FN:73,(anonymous_17)
FN:75,(anonymous_18)
FN:86,(anonymous_19)
FN:87,(anonymous_20)
FN:88,(anonymous_21)
FN:99,(anonymous_22)
FN:100,(anonymous_23)
FN:102,(anonymous_24)
FN:114,(anonymous_25)
FN:115,(anonymous_26)
FN:116,(anonymous_27)
FN:126,(anonymous_28)
FN:127,(anonymous_29)
FN:128,(anonymous_30)
FN:138,(anonymous_31)
FN:139,(anonymous_32)
FN:140,(anonymous_33)
FN:150,(anonymous_34)
FN:151,(anonymous_35)
FN:152,(anonymous_36)
FN:162,(anonymous_37)
FN:163,(anonymous_38)
FN:164,(anonymous_39)
FN:174,(anonymous_40)
FN:175,(anonymous_41)
FN:176,(anonymous_42)
FN:186,(anonymous_43)
FN:187,(anonymous_44)
FN:188,(anonymous_45)
FN:198,(anonymous_46)
FN:199,(anonymous_47)
FN:200,(anonymous_48)
FN:210,(anonymous_49)
FN:211,(anonymous_50)
FN:212,(anonymous_51)
FN:222,(anonymous_52)
FN:223,(anonymous_53)
FN:224,(anonymous_54)
FN:234,(anonymous_55)
FN:235,(anonymous_56)
FN:236,(anonymous_57)
FNF:58
FNH:9
FNDA:1,(anonymous_0)
FNDA:1,(anonymous_1)
FNDA:1,(anonymous_2)
FNDA:0,(anonymous_3)
FNDA:0,(anonymous_4)
FNDA:0,(anonymous_5)
FNDA:0,(anonymous_6)
FNDA:0,(anonymous_7)
FNDA:0,(anonymous_8)
FNDA:0,(anonymous_9)
FNDA:0,(anonymous_10)
FNDA:0,(anonymous_11)
FNDA:0,(anonymous_12)
FNDA:5,(anonymous_13)
FNDA:5,(anonymous_14)
FNDA:5,(anonymous_15)
FNDA:5,(anonymous_16)
FNDA:5,(anonymous_17)
FNDA:5,(anonymous_18)
FNDA:0,(anonymous_19)
FNDA:0,(anonymous_20)
FNDA:0,(anonymous_21)
FNDA:0,(anonymous_22)
FNDA:0,(anonymous_23)
FNDA:0,(anonymous_24)
FNDA:0,(anonymous_25)
FNDA:0,(anonymous_26)
FNDA:0,(anonymous_27)
FNDA:0,(anonymous_28)
FNDA:0,(anonymous_29)
FNDA:0,(anonymous_30)
FNDA:0,(anonymous_31)
FNDA:0,(anonymous_32)
FNDA:0,(anonymous_33)
FNDA:0,(anonymous_34)
FNDA:0,(anonymous_35)
FNDA:0,(anonymous_36)
FNDA:0,(anonymous_37)
FNDA:0,(anonymous_38)
FNDA:0,(anonymous_39)
FNDA:0,(anonymous_40)
FNDA:0,(anonymous_41)
FNDA:0,(anonymous_42)
FNDA:0,(anonymous_43)
FNDA:0,(anonymous_44)
FNDA:0,(anonymous_45)
FNDA:0,(anonymous_46)
FNDA:0,(anonymous_47)
FNDA:0,(anonymous_48)
FNDA:0,(anonymous_49)
FNDA:0,(anonymous_50)
FNDA:0,(anonymous_51)
FNDA:0,(anonymous_52)
FNDA:0,(anonymous_53)
FNDA:0,(anonymous_54)
FNDA:0,(anonymous_55)
FNDA:0,(anonymous_56)
FNDA:0,(anonymous_57)
DA:1,2
DA:2,2
DA:4,1
DA:5,1
DA:6,1
DA:7,0
DA:9,1
DA:16,0
DA:17,0
DA:18,0
DA:19,0
DA:21,0
DA:28,0
DA:29,0
DA:30,0
DA:31,0
DA:32,0
DA:34,0
DA:41,0
DA:42,0
DA:43,0
DA:44,0
DA:46,0
DA:47,0
DA:48,0
DA:49,0
DA:51,0
DA:59,5
DA:60,5
DA:61,5
DA:62,5
DA:63,0
DA:65,5
DA:66,5
DA:73,5
DA:74,5
DA:75,5
DA:76,5
DA:77,0
DA:79,5
DA:87,0
DA:88,0
DA:89,0
DA:90,0
DA:92,0
DA:100,0
DA:101,0
DA:102,0
DA:103,0
DA:104,0
DA:106,0
DA:115,0
DA:116,0
DA:117,0
DA:118,0
DA:120,0
DA:127,0
DA:128,0
DA:129,0
DA:130,0
DA:132,0
DA:139,0
DA:140,0
DA:141,0
DA:142,0
DA:144,0
DA:151,0
DA:152,0
DA:153,0
DA:154,0
DA:156,0
DA:163,0
DA:164,0
DA:165,0
DA:166,0
DA:168,0
DA:175,0
DA:176,0
DA:177,0
DA:178,0
DA:180,0
DA:187,0
DA:188,0
DA:189,0
DA:190,0
DA:192,0
DA:199,0
DA:200,0
DA:201,0
DA:202,0
DA:204,0
DA:211,0
DA:212,0
DA:213,0
DA:214,0
DA:216,0
DA:223,0
DA:224,0
DA:225,0
DA:226,0
DA:228,0
DA:235,0
DA:236,0
DA:237,0
DA:238,0
DA:240,0
LF:106
LH:17
BRDA:6,0,0,0
BRDA:6,0,1,1
BRDA:18,1,0,0
BRDA:18,1,1,0
BRDA:31,2,0,0
BRDA:31,2,1,0
BRDA:43,3,0,0
BRDA:43,3,1,0
BRDA:46,4,0,0
BRDA:46,4,1,0
BRDA:62,5,0,0
BRDA:62,5,1,5
BRDA:76,6,0,0
BRDA:76,6,1,5
BRDA:89,7,0,0
BRDA:89,7,1,0
BRDA:103,8,0,0
BRDA:103,8,1,0
BRDA:117,9,0,0
BRDA:117,9,1,0
BRDA:129,10,0,0
BRDA:129,10,1,0
BRDA:141,11,0,0
BRDA:141,11,1,0
BRDA:153,12,0,0
BRDA:153,12,1,0
BRDA:165,13,0,0
BRDA:165,13,1,0
BRDA:177,14,0,0
BRDA:177,14,1,0
BRDA:189,15,0,0
BRDA:189,15,1,0
BRDA:201,16,0,0
BRDA:201,16,1,0
BRDA:213,17,0,0
BRDA:213,17,1,0
BRDA:225,18,0,0
BRDA:225,18,1,0
BRDA:237,19,0,0
BRDA:237,19,1,0
BRF:40
BRH:3
end_of_record
TN:
SF:model/organisation.js
FN:3,(anonymous_0)
FN:4,(anonymous_1)
FN:6,(anonymous_2)
FN:17,(anonymous_3)
FN:18,(anonymous_4)
FN:20,(anonymous_5)
FN:30,(anonymous_6)
FN:31,(anonymous_7)
FN:33,(anonymous_8)
FN:43,(anonymous_9)
FN:44,(anonymous_10)
FN:46,(anonymous_11)
FN:56,(anonymous_12)
FN:57,(anonymous_13)
FN:59,(anonymous_14)
FN:69,(anonymous_15)
FN:70,(anonymous_16)
FN:72,(anonymous_17)
FN:82,(anonymous_18)
FN:83,(anonymous_19)
FN:85,(anonymous_20)
FN:95,(anonymous_21)
FN:96,(anonymous_22)
FN:98,(anonymous_23)
FN:108,(anonymous_24)
FN:109,(anonymous_25)
FN:111,(anonymous_26)
FN:121,(anonymous_27)
FN:122,(anonymous_28)
FN:124,(anonymous_29)
FN:135,(anonymous_30)
FN:136,(anonymous_31)
FN:138,(anonymous_32)
FNF:33
FNH:21
FNDA:3,(anonymous_0)
FNDA:3,(anonymous_1)
FNDA:3,(anonymous_2)
FNDA:1,(anonymous_3)
FNDA:1,(anonymous_4)
FNDA:1,(anonymous_5)
FNDA:1,(anonymous_6)
FNDA:1,(anonymous_7)
FNDA:1,(anonymous_8)
FNDA:0,(anonymous_9)
FNDA:0,(anonymous_10)
FNDA:0,(anonymous_11)
FNDA:12,(anonymous_12)
FNDA:12,(anonymous_13)
FNDA:12,(anonymous_14)
FNDA:12,(anonymous_15)
FNDA:12,(anonymous_16)
FNDA:12,(anonymous_17)
FNDA:1,(anonymous_18)
FNDA:1,(anonymous_19)
FNDA:1,(anonymous_20)
FNDA:0,(anonymous_21)
FNDA:0,(anonymous_22)
FNDA:0,(anonymous_23)
FNDA:0,(anonymous_24)
FNDA:0,(anonymous_25)
FNDA:0,(anonymous_26)
FNDA:0,(anonymous_27)
FNDA:0,(anonymous_28)
FNDA:0,(anonymous_29)
FNDA:1,(anonymous_30)
FNDA:1,(anonymous_31)
FNDA:1,(anonymous_32)
DA:1,4
DA:2,4
DA:4,3
DA:5,3
DA:6,3
DA:7,3
DA:8,0
DA:10,3
DA:18,1
DA:19,1
DA:20,1
DA:21,1
DA:22,0
DA:24,1
DA:31,1
DA:32,1
DA:33,1
DA:34,1
DA:35,0
DA:37,1
DA:44,0
DA:45,0
DA:46,0
DA:47,0
DA:48,0
DA:50,0
DA:57,12
DA:58,12
DA:60,12
DA:61,0
DA:63,12
DA:70,12
DA:71,12
DA:72,12
DA:73,12
DA:74,0
DA:76,12
DA:83,1
DA:84,1
DA:85,1
DA:86,1
DA:87,0
DA:89,1
DA:96,0
DA:97,0
DA:98,0
DA:99,0
DA:100,0
DA:102,0
DA:109,0
DA:110,0
DA:111,0
DA:112,0
DA:113,0
DA:115,0
DA:122,0
DA:123,0
DA:124,0
DA:125,0
DA:126,0
DA:128,0
DA:136,1
DA:137,1
DA:138,1
DA:139,1
DA:140,0
DA:142,1
LF:67
LH:36
BRDA:7,0,0,0
BRDA:7,0,1,3
BRDA:21,1,0,0
BRDA:21,1,1,1
BRDA:34,2,0,0
BRDA:34,2,1,1
BRDA:47,3,0,0
BRDA:47,3,1,0
BRDA:60,4,0,0
BRDA:60,4,1,12
BRDA:73,5,0,0
BRDA:73,5,1,12
BRDA:86,6,0,0
BRDA:86,6,1,1
BRDA:99,7,0,0
BRDA:99,7,1,0
BRDA:112,8,0,0
BRDA:112,8,1,0
BRDA:125,9,0,0
BRDA:125,9,1,0
BRDA:139,10,0,0
BRDA:139,10,1,1
BRF:22
BRH:7
end_of_record
TN:
SF:model/piece_dossier.js
FN:4,(anonymous_0)
FN:5,(anonymous_1)
FN:6,(anonymous_2)
FN:16,(anonymous_3)
FN:17,(anonymous_4)
FN:19,(anonymous_5)
FN:29,(anonymous_6)
FN:30,(anonymous_7)
FN:32,(anonymous_8)
FN:43,(anonymous_9)
FN:44,(anonymous_10)
FN:46,(anonymous_11)
FN:56,(anonymous_12)
FN:57,(anonymous_13)
FN:59,(anonymous_14)
FN:69,(anonymous_15)
FN:70,(anonymous_16)
FN:72,(anonymous_17)
FNF:18
FNH:18
FNDA:3,(anonymous_0)
FNDA:3,(anonymous_1)
FNDA:3,(anonymous_2)
FNDA:1,(anonymous_3)
FNDA:1,(anonymous_4)
FNDA:1,(anonymous_5)
FNDA:5,(anonymous_6)
FNDA:5,(anonymous_7)
FNDA:5,(anonymous_8)
FNDA:5,(anonymous_9)
FNDA:5,(anonymous_10)
FNDA:5,(anonymous_11)
FNDA:1,(anonymous_12)
FNDA:1,(anonymous_13)
FNDA:1,(anonymous_14)
FNDA:1,(anonymous_15)
FNDA:1,(anonymous_16)
FNDA:1,(anonymous_17)
DA:1,1
DA:2,1
DA:3,1
DA:5,3
DA:6,3
DA:7,3
DA:8,0
DA:10,3
DA:17,1
DA:18,1
DA:19,1
DA:20,1
DA:21,0
DA:23,1
DA:30,5
DA:31,5
DA:33,5
DA:34,0
DA:36,5
DA:37,5
DA:44,5
DA:45,5
DA:46,5
DA:47,5
DA:48,0
DA:50,5
DA:57,1
DA:58,1
DA:59,1
DA:60,1
DA:61,0
DA:63,1
DA:70,1
DA:71,1
DA:72,1
DA:73,1
DA:74,0
DA:76,1
LF:38
LH:32
BRDA:7,0,0,0
BRDA:7,0,1,3
BRDA:20,1,0,0
BRDA:20,1,1,1
BRDA:33,2,0,0
BRDA:33,2,1,5
BRDA:47,3,0,0
BRDA:47,3,1,5
BRDA:60,4,0,0
BRDA:60,4,1,1
BRDA:73,5,0,0
BRDA:73,5,1,1
BRF:12
BRH:6
end_of_record
TN:
SF:model/recruteur.js
FN:5,(anonymous_0)
FN:6,(anonymous_1)
FN:7,(anonymous_2)
FN:17,(anonymous_3)
FN:18,(anonymous_4)
FN:19,(anonymous_5)
FN:29,(anonymous_6)
FN:30,(anonymous_7)
FN:32,(anonymous_8)
FN:43,(anonymous_9)
FN:44,(anonymous_10)
FN:45,(anonymous_11)
FN:55,(anonymous_12)
FN:56,(anonymous_13)
FN:58,(anonymous_14)
FN:69,(anonymous_15)
FN:70,(anonymous_16)
FN:72,(anonymous_17)
FN:83,(anonymous_18)
FN:84,(anonymous_19)
FN:87,(anonymous_20)
FN:97,(anonymous_21)
FN:98,(anonymous_22)
FN:100,(anonymous_23)
FN:110,(anonymous_24)
FN:111,(anonymous_25)
FN:113,(anonymous_26)
FN:123,(anonymous_27)
FN:124,(anonymous_28)
FN:126,(anonymous_29)
FNF:30
FNH:15
FNDA:1,(anonymous_0)
FNDA:1,(anonymous_1)
FNDA:1,(anonymous_2)
FNDA:0,(anonymous_3)
FNDA:0,(anonymous_4)
FNDA:0,(anonymous_5)
FNDA:1,(anonymous_6)
FNDA:1,(anonymous_7)
FNDA:1,(anonymous_8)
FNDA:0,(anonymous_9)
FNDA:0,(anonymous_10)
FNDA:0,(anonymous_11)
FNDA:1,(anonymous_12)
FNDA:1,(anonymous_13)
FNDA:1,(anonymous_14)
FNDA:0,(anonymous_15)
FNDA:0,(anonymous_16)
FNDA:0,(anonymous_17)
FNDA:9,(anonymous_18)
FNDA:9,(anonymous_19)
FNDA:9,(anonymous_20)
FNDA:9,(anonymous_21)
FNDA:9,(anonymous_22)
FNDA:9,(anonymous_23)
FNDA:0,(anonymous_24)
FNDA:0,(anonymous_25)
FNDA:0,(anonymous_26)
FNDA:0,(anonymous_27)
FNDA:0,(anonymous_28)
FNDA:0,(anonymous_29)
DA:1,4
DA:2,4
DA:4,4
DA:6,1
DA:7,1
DA:8,1
DA:9,0
DA:11,1
DA:18,0
DA:19,0
DA:20,0
DA:21,0
DA:23,0
DA:30,1
DA:31,1
DA:32,1
DA:33,1
DA:34,0
DA:36,1
DA:44,0
DA:45,0
DA:46,0
DA:47,0
DA:49,0
DA:56,1
DA:57,1
DA:58,1
DA:59,1
DA:60,0
DA:62,1
DA:70,0
DA:71,0
DA:72,0
DA:73,0
DA:74,0
DA:76,0
DA:84,9
DA:85,9
DA:86,9
DA:87,9
DA:88,9
DA:89,0
DA:91,9
DA:98,9
DA:99,9
DA:100,9
DA:101,9
DA:102,0
DA:104,9
DA:111,0
DA:112,0
DA:113,0
DA:114,0
DA:115,0
DA:117,0
DA:124,0
DA:125,0
DA:126,0
DA:127,0
DA:128,0
DA:130,0
LF:61
LH:28
BRDA:8,0,0,0
BRDA:8,0,1,1
BRDA:20,1,0,0
BRDA:20,1,1,0
BRDA:33,2,0,0
BRDA:33,2,1,1
BRDA:46,3,0,0
BRDA:46,3,1,0
BRDA:59,4,0,0
BRDA:59,4,1,1
BRDA:73,5,0,0
BRDA:73,5,1,0
BRDA:88,6,0,0
BRDA:88,6,1,9
BRDA:101,7,0,0
BRDA:101,7,1,9
BRDA:114,8,0,0
BRDA:114,8,1,0
BRDA:127,9,0,0
BRDA:127,9,1,0
BRF:20
BRH:5
end_of_record
TN:
SF:model/statut_poste.js
FN:3,(anonymous_0)
FN:4,(anonymous_1)
FN:6,(anonymous_2)
FN:16,(anonymous_3)
FN:17,(anonymous_4)
FN:18,(anonymous_5)
FN:26,(anonymous_6)
FN:38,(anonymous_7)
FN:39,(anonymous_8)
FN:40,(anonymous_9)
FNF:10
FNH:10
FNDA:1,(anonymous_0)
FNDA:1,(anonymous_1)
FNDA:1,(anonymous_2)
FNDA:10,(anonymous_3)
FNDA:10,(anonymous_4)
FNDA:10,(anonymous_5)
FNDA:9,(anonymous_6)
FNDA:9,(anonymous_7)
FNDA:9,(anonymous_8)
FNDA:9,(anonymous_9)
DA:1,4
DA:2,4
DA:4,1
DA:5,1
DA:6,1
DA:7,1
DA:8,0
DA:10,1
DA:17,10
DA:18,10
DA:19,10
DA:20,0
DA:22,10
DA:23,1
DA:26,9
DA:27,9
DA:28,0
DA:30,9
DA:39,9
DA:40,9
DA:41,9
DA:42,0
DA:44,9
LF:23
LH:19
BRDA:7,0,0,0
BRDA:7,0,1,1
BRDA:19,1,0,0
BRDA:19,1,1,10
BRDA:22,2,0,1
BRDA:22,2,1,9
BRDA:27,3,0,0
BRDA:27,3,1,9
BRDA:41,4,0,0
BRDA:41,4,1,9
BRF:10
BRH:6
end_of_record
TN:
SF:model/type_metier.js
FN:3,(anonymous_0)
FN:4,(anonymous_1)
FN:6,(anonymous_2)
FN:16,(anonymous_3)
FN:17,(anonymous_4)
FN:18,(anonymous_5)
FN:26,(anonymous_6)
FN:38,(anonymous_7)
FN:39,(anonymous_8)
FN:40,(anonymous_9)
FNF:10
FNH:10
FNDA:1,(anonymous_0)
FNDA:1,(anonymous_1)
FNDA:1,(anonymous_2)
FNDA:10,(anonymous_3)
FNDA:10,(anonymous_4)
FNDA:10,(anonymous_5)
FNDA:9,(anonymous_6)
FNDA:9,(anonymous_7)
FNDA:9,(anonymous_8)
FNDA:9,(anonymous_9)
DA:1,4
DA:2,4
DA:4,1
DA:5,1
DA:6,1
DA:7,1
DA:8,0
DA:10,1
DA:17,10
DA:18,10
DA:19,10
DA:20,0
DA:22,10
DA:23,1
DA:26,9
DA:27,9
DA:28,0
DA:30,9
DA:39,9
DA:40,9
DA:41,9
DA:42,0
DA:44,9
LF:23
LH:19
BRDA:7,0,0,0
BRDA:7,0,1,1
BRDA:19,1,0,0
BRDA:19,1,1,10
BRDA:22,2,0,1
BRDA:22,2,1,9
BRDA:27,3,0,0
BRDA:27,3,1,9
BRDA:41,4,0,0
BRDA:41,4,1,9
BRF:10
BRH:6
end_of_record
TN:
SF:model/type_organisation.js
FN:3,(anonymous_0)
FN:4,(anonymous_1)
FN:6,(anonymous_2)
FN:16,(anonymous_3)
FN:17,(anonymous_4)
FN:18,(anonymous_5)
FN:26,(anonymous_6)
FN:38,(anonymous_7)
FN:39,(anonymous_8)
FN:40,(anonymous_9)
FNF:10
FNH:10
FNDA:1,(anonymous_0)
FNDA:1,(anonymous_1)
FNDA:1,(anonymous_2)
FNDA:15,(anonymous_3)
FNDA:15,(anonymous_4)
FNDA:15,(anonymous_5)
FNDA:13,(anonymous_6)
FNDA:13,(anonymous_7)
FNDA:13,(anonymous_8)
FNDA:13,(anonymous_9)
DA:1,5
DA:2,5
DA:4,1
DA:5,1
DA:6,1
DA:7,1
DA:8,0
DA:10,1
DA:17,15
DA:18,15
DA:19,15
DA:20,0
DA:22,15
DA:23,2
DA:26,13
DA:27,13
DA:28,0
DA:30,13
DA:39,13
DA:40,13
DA:41,13
DA:42,0
DA:44,13
LF:23
LH:19
BRDA:7,0,0,0
BRDA:7,0,1,1
BRDA:19,1,0,0
BRDA:19,1,1,15
BRDA:22,2,0,2
BRDA:22,2,1,13
BRDA:27,3,0,0
BRDA:27,3,1,13
BRDA:41,4,0,0
BRDA:41,4,1,13
BRF:10
BRH:6
end_of_record
TN:
SF:model/utilisateur.js
FN:5,(anonymous_0)
FN:6,(anonymous_1)
FN:7,(anonymous_2)
FN:17,(anonymous_3)
FN:18,(anonymous_4)
FN:19,(anonymous_5)
FN:31,(anonymous_6)
FN:32,(anonymous_7)
FN:34,(anonymous_8)
FN:45,(anonymous_9)
FN:46,(anonymous_10)
FN:48,(anonymous_11)
FN:64,(anonymous_12)
FN:65,(anonymous_13)
FN:67,(anonymous_14)
FN:72,(anonymous_15)
FN:90,(anonymous_16)
FN:91,(anonymous_17)
FN:93,(anonymous_18)
FN:107,(anonymous_19)
FN:108,(anonymous_20)
FN:109,(anonymous_21)
FN:114,(anonymous_22)
FN:121,(anonymous_23)
FN:128,(anonymous_24)
FN:144,(anonymous_25)
FN:145,(anonymous_26)
FN:149,(anonymous_27)
FN:155,(anonymous_28)
FN:169,(anonymous_29)
FN:170,(anonymous_30)
FN:172,(anonymous_31)
FN:182,(anonymous_32)
FN:183,(anonymous_33)
FN:185,(anonymous_34)
FN:195,(anonymous_35)
FN:196,(anonymous_36)
FN:198,(anonymous_37)
FN:208,(anonymous_38)
FN:209,(anonymous_39)
FN:211,(anonymous_40)
FN:221,(anonymous_41)
FN:222,(anonymous_42)
FN:223,(anonymous_43)
FN:228,(anonymous_44)
FN:239,(anonymous_45)
FN:240,(anonymous_46)
FN:242,(anonymous_47)
FN:252,(anonymous_48)
FN:253,(anonymous_49)
FN:255,(anonymous_50)
FN:265,(anonymous_51)
FN:266,(anonymous_52)
FN:268,(anonymous_53)
FN:278,(anonymous_54)
FN:279,(anonymous_55)
FN:282,(anonymous_56)
FN:292,(anonymous_57)
FN:293,(anonymous_58)
FN:295,(anonymous_59)
FN:306,(anonymous_60)
FN:307,(anonymous_61)
FN:309,(anonymous_62)
FN:319,(anonymous_63)
FN:320,(anonymous_64)
FN:322,(anonymous_65)
FN:332,(anonymous_66)
FN:333,(anonymous_67)
FN:335,(anonymous_68)
FNF:69
FNH:44
FNDA:2,(anonymous_0)
FNDA:2,(anonymous_1)
FNDA:2,(anonymous_2)
FNDA:0,(anonymous_3)
FNDA:0,(anonymous_4)
FNDA:0,(anonymous_5)
FNDA:1,(anonymous_6)
FNDA:1,(anonymous_7)
FNDA:1,(anonymous_8)
FNDA:1,(anonymous_9)
FNDA:1,(anonymous_10)
FNDA:1,(anonymous_11)
FNDA:1,(anonymous_12)
FNDA:1,(anonymous_13)
FNDA:1,(anonymous_14)
FNDA:1,(anonymous_15)
FNDA:0,(anonymous_16)
FNDA:0,(anonymous_17)
FNDA:0,(anonymous_18)
FNDA:0,(anonymous_19)
FNDA:0,(anonymous_20)
FNDA:0,(anonymous_21)
FNDA:0,(anonymous_22)
FNDA:0,(anonymous_23)
FNDA:0,(anonymous_24)
FNDA:22,(anonymous_25)
FNDA:22,(anonymous_26)
FNDA:22,(anonymous_27)
FNDA:22,(anonymous_28)
FNDA:1,(anonymous_29)
FNDA:1,(anonymous_30)
FNDA:1,(anonymous_31)
FNDA:1,(anonymous_32)
FNDA:1,(anonymous_33)
FNDA:1,(anonymous_34)
FNDA:1,(anonymous_35)
FNDA:1,(anonymous_36)
FNDA:1,(anonymous_37)
FNDA:0,(anonymous_38)
FNDA:0,(anonymous_39)
FNDA:0,(anonymous_40)
FNDA:0,(anonymous_41)
FNDA:0,(anonymous_42)
FNDA:0,(anonymous_43)
FNDA:0,(anonymous_44)
FNDA:0,(anonymous_45)
FNDA:0,(anonymous_46)
FNDA:0,(anonymous_47)
FNDA:9,(anonymous_48)
FNDA:9,(anonymous_49)
FNDA:9,(anonymous_50)
FNDA:2,(anonymous_51)
FNDA:2,(anonymous_52)
FNDA:2,(anonymous_53)
FNDA:0,(anonymous_54)
FNDA:0,(anonymous_55)
FNDA:0,(anonymous_56)
FNDA:1,(anonymous_57)
FNDA:1,(anonymous_58)
FNDA:1,(anonymous_59)
FNDA:22,(anonymous_60)
FNDA:22,(anonymous_61)
FNDA:22,(anonymous_62)
FNDA:1,(anonymous_63)
FNDA:1,(anonymous_64)
FNDA:1,(anonymous_65)
FNDA:1,(anonymous_66)
FNDA:1,(anonymous_67)
FNDA:1,(anonymous_68)
DA:1,7
DA:2,7
DA:4,7
DA:6,2
DA:7,2
DA:8,2
DA:9,0
DA:11,2
DA:18,0
DA:19,0
DA:20,0
DA:21,0
DA:23,0
DA:32,1
DA:33,1
DA:34,1
DA:35,1
DA:36,0
DA:38,1
DA:46,1
DA:47,1
DA:48,1
DA:49,1
DA:50,0
DA:52,1
DA:65,1
DA:66,1
DA:67,1
DA:68,1
DA:69,0
DA:71,1
DA:72,1
DA:73,1
DA:74,0
DA:76,1
DA:77,1
DA:79,0
DA:83,0
DA:91,0
DA:92,0
DA:93,0
DA:94,0
DA:95,0
DA:97,0
DA:98,0
DA:100,0
DA:108,0
DA:109,0
DA:110,0
DA:111,0
DA:113,0
DA:114,0
DA:115,0
DA:116,0
DA:118,0
DA:119,0
DA:121,0
DA:122,0
DA:123,0
DA:125,0
DA:126,0
DA:128,0
DA:129,0
DA:130,0
DA:132,0
DA:133,0
DA:145,22
DA:146,22
DA:147,22
DA:149,22
DA:150,22
DA:151,0
DA:154,22
DA:156,22
DA:157,0
DA:159,22
DA:160,22
DA:170,1
DA:171,1
DA:172,1
DA:173,1
DA:174,0
DA:176,1
DA:183,1
DA:184,1
DA:185,1
DA:186,1
DA:187,0
DA:189,1
DA:196,1
DA:197,1
DA:198,1
DA:199,1
DA:200,0
DA:202,1
DA:209,0
DA:210,0
DA:211,0
DA:212,0
DA:213,0
DA:215,0
DA:222,0
DA:223,0
DA:224,0
DA:225,0
DA:227,0
DA:228,0
DA:229,0
DA:230,0
DA:232,0
DA:240,0
DA:241,0
DA:242,0
DA:243,0
DA:244,0
DA:246,0
DA:253,9
DA:254,9
DA:255,9
DA:256,9
DA:257,0
DA:259,9
DA:266,2
DA:267,2
DA:268,2
DA:269,2
DA:270,0
DA:272,2
DA:279,0
DA:280,0
DA:281,0
DA:282,0
DA:283,0
DA:284,0
DA:286,0
DA:293,1
DA:294,1
DA:295,1
DA:296,1
DA:297,0
DA:299,1
DA:307,22
DA:308,22
DA:309,22
DA:310,22
DA:311,0
DA:313,22
DA:320,1
DA:321,1
DA:322,1
DA:323,1
DA:324,0
DA:326,1
DA:333,1
DA:334,1
DA:335,1
DA:336,1
DA:337,0
DA:339,1
LF:159
LH:80
BRDA:8,0,0,0
BRDA:8,0,1,2
BRDA:20,1,0,0
BRDA:20,1,1,0
BRDA:35,2,0,0
BRDA:35,2,1,1
BRDA:49,3,0,0
BRDA:49,3,1,1
BRDA:68,4,0,0
BRDA:68,4,1,1
BRDA:71,5,0,1
BRDA:71,5,1,0
BRDA:73,6,0,0
BRDA:73,6,1,1
BRDA:76,7,0,1
BRDA:76,7,1,0
BRDA:94,8,0,0
BRDA:94,8,1,0
BRDA:97,9,0,0
BRDA:97,9,1,0
BRDA:110,10,0,0
BRDA:110,10,1,0
BRDA:115,11,0,0
BRDA:115,11,1,0
BRDA:118,12,0,0
BRDA:118,12,1,0
BRDA:122,13,0,0
BRDA:122,13,1,0
BRDA:125,14,0,0
BRDA:125,14,1,0
BRDA:129,15,0,0
BRDA:129,15,1,0
BRDA:132,16,0,0
BRDA:132,16,1,0
BRDA:150,17,0,0
BRDA:150,17,1,22
BRDA:156,18,0,0
BRDA:156,18,1,22
BRDA:173,19,0,0
BRDA:173,19,1,1
BRDA:186,20,0,0
BRDA:186,20,1,1
BRDA:199,21,0,0
BRDA:199,21,1,1
BRDA:212,22,0,0
BRDA:212,22,1,0
BRDA:224,23,0,0
BRDA:224,23,1,0
BRDA:229,24,0,0
BRDA:229,24,1,0
BRDA:243,25,0,0
BRDA:243,25,1,0
BRDA:256,26,0,0
BRDA:256,26,1,9
BRDA:269,27,0,0
BRDA:269,27,1,2
BRDA:283,28,0,0
BRDA:283,28,1,0
BRDA:296,29,0,0
BRDA:296,29,1,1
BRDA:310,30,0,0
BRDA:310,30,1,22
BRDA:323,31,0,0
BRDA:323,31,1,1
BRDA:336,32,0,0
BRDA:336,32,1,1
BRF:66
BRH:18
end_of_record
